  [1m[35m (148.1ms)[0m  [1m[35mCREATE DATABASE "first_routes_and_controllers_development" ENCODING = 'unicode'[0m
  ↳ bin/rails:9
  [1m[35m (56.9ms)[0m  [1m[35mCREATE DATABASE "first_routes_and_controllers_test" ENCODING = 'unicode'[0m
  ↳ bin/rails:9
Started GET "/" for ::1 at 2020-10-28 14:14:24 -0700
Processing by Rails::WelcomeController#index as HTML
  Rendering /Users/oriravid/.rbenv/versions/2.5.1/lib/ruby/gems/2.5.0/gems/railties-5.2.4.4/lib/rails/templates/rails/welcome/index.html.erb
  Rendered /Users/oriravid/.rbenv/versions/2.5.1/lib/ruby/gems/2.5.0/gems/railties-5.2.4.4/lib/rails/templates/rails/welcome/index.html.erb (2.0ms)
Completed 200 OK in 14ms (Views: 7.2ms | ActiveRecord: 0.0ms)


Started GET "/" for ::1 at 2020-10-28 14:14:27 -0700
Processing by Rails::WelcomeController#index as HTML
  Rendering /Users/oriravid/.rbenv/versions/2.5.1/lib/ruby/gems/2.5.0/gems/railties-5.2.4.4/lib/rails/templates/rails/welcome/index.html.erb
  Rendered /Users/oriravid/.rbenv/versions/2.5.1/lib/ruby/gems/2.5.0/gems/railties-5.2.4.4/lib/rails/templates/rails/welcome/index.html.erb (1.6ms)
Completed 200 OK in 9ms (Views: 4.9ms | ActiveRecord: 0.0ms)


Started GET "/" for ::1 at 2020-10-28 14:14:28 -0700
Processing by Rails::WelcomeController#index as HTML
  Rendering /Users/oriravid/.rbenv/versions/2.5.1/lib/ruby/gems/2.5.0/gems/railties-5.2.4.4/lib/rails/templates/rails/welcome/index.html.erb
  Rendered /Users/oriravid/.rbenv/versions/2.5.1/lib/ruby/gems/2.5.0/gems/railties-5.2.4.4/lib/rails/templates/rails/welcome/index.html.erb (1.9ms)
Completed 200 OK in 9ms (Views: 5.7ms | ActiveRecord: 0.0ms)


Started GET "/" for ::1 at 2020-10-28 14:14:42 -0700
Processing by Rails::WelcomeController#index as HTML
  Rendering /Users/oriravid/.rbenv/versions/2.5.1/lib/ruby/gems/2.5.0/gems/railties-5.2.4.4/lib/rails/templates/rails/welcome/index.html.erb
  Rendered /Users/oriravid/.rbenv/versions/2.5.1/lib/ruby/gems/2.5.0/gems/railties-5.2.4.4/lib/rails/templates/rails/welcome/index.html.erb (1.6ms)
Completed 200 OK in 8ms (Views: 4.8ms | ActiveRecord: 0.0ms)


Started GET "/" for ::1 at 2020-10-28 14:14:42 -0700
Processing by Rails::WelcomeController#index as HTML
  Rendering /Users/oriravid/.rbenv/versions/2.5.1/lib/ruby/gems/2.5.0/gems/railties-5.2.4.4/lib/rails/templates/rails/welcome/index.html.erb
  Rendered /Users/oriravid/.rbenv/versions/2.5.1/lib/ruby/gems/2.5.0/gems/railties-5.2.4.4/lib/rails/templates/rails/welcome/index.html.erb (1.6ms)
Completed 200 OK in 8ms (Views: 4.9ms | ActiveRecord: 0.0ms)


Started GET "/" for ::1 at 2020-10-28 14:14:43 -0700
Processing by Rails::WelcomeController#index as HTML
  Rendering /Users/oriravid/.rbenv/versions/2.5.1/lib/ruby/gems/2.5.0/gems/railties-5.2.4.4/lib/rails/templates/rails/welcome/index.html.erb
  Rendered /Users/oriravid/.rbenv/versions/2.5.1/lib/ruby/gems/2.5.0/gems/railties-5.2.4.4/lib/rails/templates/rails/welcome/index.html.erb (1.7ms)
Completed 200 OK in 9ms (Views: 5.4ms | ActiveRecord: 0.0ms)


Started GET "/" for 127.0.0.1 at 2020-10-28 14:14:51 -0700
Processing by Rails::WelcomeController#index as HTML
  Rendering /Users/oriravid/.rbenv/versions/2.5.1/lib/ruby/gems/2.5.0/gems/railties-5.2.4.4/lib/rails/templates/rails/welcome/index.html.erb
  Rendered /Users/oriravid/.rbenv/versions/2.5.1/lib/ruby/gems/2.5.0/gems/railties-5.2.4.4/lib/rails/templates/rails/welcome/index.html.erb (1.9ms)
Completed 200 OK in 9ms (Views: 5.8ms | ActiveRecord: 0.0ms)


Started GET "/users" for ::1 at 2020-10-28 14:16:51 -0700
  
AbstractController::ActionNotFound (The action 'index' could not be found for UsersController):
  
actionpack (5.2.4.4) lib/abstract_controller/base.rb:129:in `process'
actionview (5.2.4.4) lib/action_view/rendering.rb:32:in `process'
actionpack (5.2.4.4) lib/action_controller/metal.rb:191:in `dispatch'
actionpack (5.2.4.4) lib/action_controller/metal.rb:252:in `dispatch'
actionpack (5.2.4.4) lib/action_dispatch/routing/route_set.rb:52:in `dispatch'
actionpack (5.2.4.4) lib/action_dispatch/routing/route_set.rb:34:in `serve'
actionpack (5.2.4.4) lib/action_dispatch/journey/router.rb:52:in `block in serve'
actionpack (5.2.4.4) lib/action_dispatch/journey/router.rb:35:in `each'
actionpack (5.2.4.4) lib/action_dispatch/journey/router.rb:35:in `serve'
actionpack (5.2.4.4) lib/action_dispatch/routing/route_set.rb:840:in `call'
rack (2.2.3) lib/rack/tempfile_reaper.rb:15:in `call'
rack (2.2.3) lib/rack/etag.rb:27:in `call'
rack (2.2.3) lib/rack/conditional_get.rb:27:in `call'
rack (2.2.3) lib/rack/head.rb:12:in `call'
actionpack (5.2.4.4) lib/action_dispatch/http/content_security_policy.rb:18:in `call'
rack (2.2.3) lib/rack/session/abstract/id.rb:266:in `context'
rack (2.2.3) lib/rack/session/abstract/id.rb:260:in `call'
actionpack (5.2.4.4) lib/action_dispatch/middleware/cookies.rb:670:in `call'
activerecord (5.2.4.4) lib/active_record/migration.rb:559:in `call'
actionpack (5.2.4.4) lib/action_dispatch/middleware/callbacks.rb:28:in `block in call'
activesupport (5.2.4.4) lib/active_support/callbacks.rb:98:in `run_callbacks'
actionpack (5.2.4.4) lib/action_dispatch/middleware/callbacks.rb:26:in `call'
actionpack (5.2.4.4) lib/action_dispatch/middleware/executor.rb:14:in `call'
actionpack (5.2.4.4) lib/action_dispatch/middleware/debug_exceptions.rb:61:in `call'
web-console (3.7.0) lib/web_console/middleware.rb:135:in `call_app'
web-console (3.7.0) lib/web_console/middleware.rb:30:in `block in call'
web-console (3.7.0) lib/web_console/middleware.rb:20:in `catch'
web-console (3.7.0) lib/web_console/middleware.rb:20:in `call'
actionpack (5.2.4.4) lib/action_dispatch/middleware/show_exceptions.rb:33:in `call'
railties (5.2.4.4) lib/rails/rack/logger.rb:38:in `call_app'
railties (5.2.4.4) lib/rails/rack/logger.rb:26:in `block in call'
activesupport (5.2.4.4) lib/active_support/tagged_logging.rb:71:in `block in tagged'
activesupport (5.2.4.4) lib/active_support/tagged_logging.rb:28:in `tagged'
activesupport (5.2.4.4) lib/active_support/tagged_logging.rb:71:in `tagged'
railties (5.2.4.4) lib/rails/rack/logger.rb:26:in `call'
sprockets-rails (3.2.2) lib/sprockets/rails/quiet_assets.rb:13:in `call'
actionpack (5.2.4.4) lib/action_dispatch/middleware/remote_ip.rb:81:in `call'
actionpack (5.2.4.4) lib/action_dispatch/middleware/request_id.rb:27:in `call'
rack (2.2.3) lib/rack/method_override.rb:24:in `call'
rack (2.2.3) lib/rack/runtime.rb:22:in `call'
activesupport (5.2.4.4) lib/active_support/cache/strategy/local_cache_middleware.rb:29:in `call'
actionpack (5.2.4.4) lib/action_dispatch/middleware/executor.rb:14:in `call'
actionpack (5.2.4.4) lib/action_dispatch/middleware/static.rb:127:in `call'
rack (2.2.3) lib/rack/sendfile.rb:110:in `call'
railties (5.2.4.4) lib/rails/engine.rb:524:in `call'
puma (3.12.6) lib/puma/configuration.rb:227:in `call'
puma (3.12.6) lib/puma/server.rb:706:in `handle_request'
puma (3.12.6) lib/puma/server.rb:476:in `process_client'
puma (3.12.6) lib/puma/server.rb:334:in `block in run'
puma (3.12.6) lib/puma/thread_pool.rb:135:in `block in spawn_thread'
Started GET "/users" for ::1 at 2020-10-28 14:17:28 -0700
Processing by UsersController#index as */*
No template found for UsersController#index, rendering head :no_content
Completed 204 No Content in 118ms (ActiveRecord: 0.0ms)


Started GET "/users" for ::1 at 2020-10-28 14:18:36 -0700
Processing by UsersController#index as */*
  Rendering text template
  Rendered text template (0.0ms)
Completed 200 OK in 2ms (Views: 1.5ms | ActiveRecord: 0.0ms)


Started GET "/users?fav_food=pizza" for ::1 at 2020-10-28 14:19:38 -0700
Processing by UsersController#index as */*
  Parameters: {"fav_food"=>"pizza"}
  Rendering text template
  Rendered text template (0.0ms)
Completed 200 OK in 1ms (Views: 0.5ms | ActiveRecord: 0.0ms)


Started POST "/users" for ::1 at 2020-10-28 14:22:04 -0700
  
AbstractController::ActionNotFound (The action 'create' could not be found for UsersController):
  
actionpack (5.2.4.4) lib/abstract_controller/base.rb:129:in `process'
actionview (5.2.4.4) lib/action_view/rendering.rb:32:in `process'
actionpack (5.2.4.4) lib/action_controller/metal.rb:191:in `dispatch'
actionpack (5.2.4.4) lib/action_controller/metal.rb:252:in `dispatch'
actionpack (5.2.4.4) lib/action_dispatch/routing/route_set.rb:52:in `dispatch'
actionpack (5.2.4.4) lib/action_dispatch/routing/route_set.rb:34:in `serve'
actionpack (5.2.4.4) lib/action_dispatch/journey/router.rb:52:in `block in serve'
actionpack (5.2.4.4) lib/action_dispatch/journey/router.rb:35:in `each'
actionpack (5.2.4.4) lib/action_dispatch/journey/router.rb:35:in `serve'
actionpack (5.2.4.4) lib/action_dispatch/routing/route_set.rb:840:in `call'
rack (2.2.3) lib/rack/tempfile_reaper.rb:15:in `call'
rack (2.2.3) lib/rack/etag.rb:27:in `call'
rack (2.2.3) lib/rack/conditional_get.rb:40:in `call'
rack (2.2.3) lib/rack/head.rb:12:in `call'
actionpack (5.2.4.4) lib/action_dispatch/http/content_security_policy.rb:18:in `call'
rack (2.2.3) lib/rack/session/abstract/id.rb:266:in `context'
rack (2.2.3) lib/rack/session/abstract/id.rb:260:in `call'
actionpack (5.2.4.4) lib/action_dispatch/middleware/cookies.rb:670:in `call'
activerecord (5.2.4.4) lib/active_record/migration.rb:559:in `call'
actionpack (5.2.4.4) lib/action_dispatch/middleware/callbacks.rb:28:in `block in call'
activesupport (5.2.4.4) lib/active_support/callbacks.rb:98:in `run_callbacks'
actionpack (5.2.4.4) lib/action_dispatch/middleware/callbacks.rb:26:in `call'
actionpack (5.2.4.4) lib/action_dispatch/middleware/executor.rb:14:in `call'
actionpack (5.2.4.4) lib/action_dispatch/middleware/debug_exceptions.rb:61:in `call'
web-console (3.7.0) lib/web_console/middleware.rb:135:in `call_app'
web-console (3.7.0) lib/web_console/middleware.rb:30:in `block in call'
web-console (3.7.0) lib/web_console/middleware.rb:20:in `catch'
web-console (3.7.0) lib/web_console/middleware.rb:20:in `call'
actionpack (5.2.4.4) lib/action_dispatch/middleware/show_exceptions.rb:33:in `call'
railties (5.2.4.4) lib/rails/rack/logger.rb:38:in `call_app'
railties (5.2.4.4) lib/rails/rack/logger.rb:26:in `block in call'
activesupport (5.2.4.4) lib/active_support/tagged_logging.rb:71:in `block in tagged'
activesupport (5.2.4.4) lib/active_support/tagged_logging.rb:28:in `tagged'
activesupport (5.2.4.4) lib/active_support/tagged_logging.rb:71:in `tagged'
railties (5.2.4.4) lib/rails/rack/logger.rb:26:in `call'
sprockets-rails (3.2.2) lib/sprockets/rails/quiet_assets.rb:13:in `call'
actionpack (5.2.4.4) lib/action_dispatch/middleware/remote_ip.rb:81:in `call'
actionpack (5.2.4.4) lib/action_dispatch/middleware/request_id.rb:27:in `call'
rack (2.2.3) lib/rack/method_override.rb:24:in `call'
rack (2.2.3) lib/rack/runtime.rb:22:in `call'
activesupport (5.2.4.4) lib/active_support/cache/strategy/local_cache_middleware.rb:29:in `call'
actionpack (5.2.4.4) lib/action_dispatch/middleware/executor.rb:14:in `call'
actionpack (5.2.4.4) lib/action_dispatch/middleware/static.rb:127:in `call'
rack (2.2.3) lib/rack/sendfile.rb:110:in `call'
railties (5.2.4.4) lib/rails/engine.rb:524:in `call'
puma (3.12.6) lib/puma/configuration.rb:227:in `call'
puma (3.12.6) lib/puma/server.rb:706:in `handle_request'
puma (3.12.6) lib/puma/server.rb:476:in `process_client'
puma (3.12.6) lib/puma/server.rb:334:in `block in run'
puma (3.12.6) lib/puma/thread_pool.rb:135:in `block in spawn_thread'
Started POST "/users" for ::1 at 2020-10-28 14:24:26 -0700
Processing by UsersController#create as */*
  Parameters: {"users"=>{"food"=>"pizza"}}
Completed 500 Internal Server Error in 2ms (ActiveRecord: 0.0ms)


  
NameError (uninitialized constant UsersController::User):
  
app/controllers/users_controller.rb:7:in `create'
Started POST "/users" for ::1 at 2020-10-28 14:25:54 -0700
Processing by UsersController#create as */*
  Parameters: {"users"=>{"food"=>"pizza"}}
Completed 200 OK in 0ms (Views: 0.2ms | ActiveRecord: 0.0ms)


Started POST "/users" for ::1 at 2020-10-28 14:26:58 -0700
Processing by UsersController#create as */*
  Parameters: {"food"=>"pizza"}
Completed 200 OK in 0ms (Views: 0.1ms | ActiveRecord: 0.0ms)


Started GET "/users/2" for ::1 at 2020-10-28 14:28:30 -0700
  
AbstractController::ActionNotFound (The action 'show' could not be found for UsersController):
  
actionpack (5.2.4.4) lib/abstract_controller/base.rb:129:in `process'
actionview (5.2.4.4) lib/action_view/rendering.rb:32:in `process'
actionpack (5.2.4.4) lib/action_controller/metal.rb:191:in `dispatch'
actionpack (5.2.4.4) lib/action_controller/metal.rb:252:in `dispatch'
actionpack (5.2.4.4) lib/action_dispatch/routing/route_set.rb:52:in `dispatch'
actionpack (5.2.4.4) lib/action_dispatch/routing/route_set.rb:34:in `serve'
actionpack (5.2.4.4) lib/action_dispatch/journey/router.rb:52:in `block in serve'
actionpack (5.2.4.4) lib/action_dispatch/journey/router.rb:35:in `each'
actionpack (5.2.4.4) lib/action_dispatch/journey/router.rb:35:in `serve'
actionpack (5.2.4.4) lib/action_dispatch/routing/route_set.rb:840:in `call'
rack (2.2.3) lib/rack/tempfile_reaper.rb:15:in `call'
rack (2.2.3) lib/rack/etag.rb:27:in `call'
rack (2.2.3) lib/rack/conditional_get.rb:27:in `call'
rack (2.2.3) lib/rack/head.rb:12:in `call'
actionpack (5.2.4.4) lib/action_dispatch/http/content_security_policy.rb:18:in `call'
rack (2.2.3) lib/rack/session/abstract/id.rb:266:in `context'
rack (2.2.3) lib/rack/session/abstract/id.rb:260:in `call'
actionpack (5.2.4.4) lib/action_dispatch/middleware/cookies.rb:670:in `call'
activerecord (5.2.4.4) lib/active_record/migration.rb:559:in `call'
actionpack (5.2.4.4) lib/action_dispatch/middleware/callbacks.rb:28:in `block in call'
activesupport (5.2.4.4) lib/active_support/callbacks.rb:98:in `run_callbacks'
actionpack (5.2.4.4) lib/action_dispatch/middleware/callbacks.rb:26:in `call'
actionpack (5.2.4.4) lib/action_dispatch/middleware/executor.rb:14:in `call'
actionpack (5.2.4.4) lib/action_dispatch/middleware/debug_exceptions.rb:61:in `call'
web-console (3.7.0) lib/web_console/middleware.rb:135:in `call_app'
web-console (3.7.0) lib/web_console/middleware.rb:30:in `block in call'
web-console (3.7.0) lib/web_console/middleware.rb:20:in `catch'
web-console (3.7.0) lib/web_console/middleware.rb:20:in `call'
actionpack (5.2.4.4) lib/action_dispatch/middleware/show_exceptions.rb:33:in `call'
railties (5.2.4.4) lib/rails/rack/logger.rb:38:in `call_app'
railties (5.2.4.4) lib/rails/rack/logger.rb:26:in `block in call'
activesupport (5.2.4.4) lib/active_support/tagged_logging.rb:71:in `block in tagged'
activesupport (5.2.4.4) lib/active_support/tagged_logging.rb:28:in `tagged'
activesupport (5.2.4.4) lib/active_support/tagged_logging.rb:71:in `tagged'
railties (5.2.4.4) lib/rails/rack/logger.rb:26:in `call'
sprockets-rails (3.2.2) lib/sprockets/rails/quiet_assets.rb:13:in `call'
actionpack (5.2.4.4) lib/action_dispatch/middleware/remote_ip.rb:81:in `call'
actionpack (5.2.4.4) lib/action_dispatch/middleware/request_id.rb:27:in `call'
rack (2.2.3) lib/rack/method_override.rb:24:in `call'
rack (2.2.3) lib/rack/runtime.rb:22:in `call'
activesupport (5.2.4.4) lib/active_support/cache/strategy/local_cache_middleware.rb:29:in `call'
actionpack (5.2.4.4) lib/action_dispatch/middleware/executor.rb:14:in `call'
actionpack (5.2.4.4) lib/action_dispatch/middleware/static.rb:127:in `call'
rack (2.2.3) lib/rack/sendfile.rb:110:in `call'
railties (5.2.4.4) lib/rails/engine.rb:524:in `call'
puma (3.12.6) lib/puma/configuration.rb:227:in `call'
puma (3.12.6) lib/puma/server.rb:706:in `handle_request'
puma (3.12.6) lib/puma/server.rb:476:in `process_client'
puma (3.12.6) lib/puma/server.rb:334:in `block in run'
puma (3.12.6) lib/puma/thread_pool.rb:135:in `block in spawn_thread'
Started GET "/users/2" for ::1 at 2020-10-28 14:29:05 -0700
Processing by UsersController#show as */*
  Parameters: {"id"=>"2"}
Completed 200 OK in 0ms (Views: 0.1ms | ActiveRecord: 0.0ms)


  [1m[35m (12.2ms)[0m  [1m[35mCREATE TABLE "schema_migrations" ("version" character varying NOT NULL PRIMARY KEY)[0m
  ↳ bin/rails:9
  [1m[35m (2.8ms)[0m  [1m[35mCREATE TABLE "ar_internal_metadata" ("key" character varying NOT NULL PRIMARY KEY, "value" character varying, "created_at" timestamp NOT NULL, "updated_at" timestamp NOT NULL)[0m
  ↳ bin/rails:9
  [1m[35m (0.2ms)[0m  [1m[34mSELECT pg_try_advisory_lock(2711202859307440470)[0m
  ↳ bin/rails:9
  [1m[35m (0.4ms)[0m  [1m[34mSELECT "schema_migrations"."version" FROM "schema_migrations" ORDER BY "schema_migrations"."version" ASC[0m
  ↳ bin/rails:9
Migrating to CreateUsers (20201028213055)
  [1m[35m (0.1ms)[0m  [1m[35mBEGIN[0m
  ↳ bin/rails:9
  [1m[35m (5.8ms)[0m  [1m[35mCREATE TABLE "users" ("id" bigserial primary key, "name" character varying NOT NULL, "email" character varying NOT NULL, "created_at" timestamp NOT NULL, "updated_at" timestamp NOT NULL)[0m
  ↳ db/migrate/20201028213055_create_users.rb:3
  [1m[36mActiveRecord::SchemaMigration Create (0.5ms)[0m  [1m[32mINSERT INTO "schema_migrations" ("version") VALUES ($1) RETURNING "version"[0m  [["version", "20201028213055"]]
  ↳ bin/rails:9
  [1m[35m (0.3ms)[0m  [1m[35mCOMMIT[0m
  ↳ bin/rails:9
  [1m[36mActiveRecord::InternalMetadata Load (0.3ms)[0m  [1m[34mSELECT  "ar_internal_metadata".* FROM "ar_internal_metadata" WHERE "ar_internal_metadata"."key" = $1 LIMIT $2[0m  [["key", "environment"], ["LIMIT", 1]]
  ↳ bin/rails:9
  [1m[35m (0.1ms)[0m  [1m[35mBEGIN[0m
  ↳ bin/rails:9
  [1m[36mActiveRecord::InternalMetadata Create (0.4ms)[0m  [1m[32mINSERT INTO "ar_internal_metadata" ("key", "value", "created_at", "updated_at") VALUES ($1, $2, $3, $4) RETURNING "key"[0m  [["key", "environment"], ["value", "development"], ["created_at", "2020-10-28 21:32:36.165248"], ["updated_at", "2020-10-28 21:32:36.165248"]]
  ↳ bin/rails:9
  [1m[35m (0.2ms)[0m  [1m[35mCOMMIT[0m
  ↳ bin/rails:9
  [1m[35m (0.2ms)[0m  [1m[34mSELECT pg_advisory_unlock(2711202859307440470)[0m
  ↳ bin/rails:9
  [1m[35m (0.2ms)[0m  [1m[34mSELECT "schema_migrations"."version" FROM "schema_migrations" ORDER BY "schema_migrations"."version" ASC[0m
  ↳ bin/rails:9
Started POST "/users/" for ::1 at 2020-10-28 14:35:28 -0700
  [1m[35m (0.9ms)[0m  [1m[34mSELECT "schema_migrations"."version" FROM "schema_migrations" ORDER BY "schema_migrations"."version" ASC[0m
  ↳ /Users/oriravid/.rbenv/versions/2.5.1/lib/ruby/gems/2.5.0/gems/activerecord-5.2.4.4/lib/active_record/log_subscriber.rb:98
Processing by UsersController#create as */*
  Parameters: {"users"=>{"name"=>"asianguy69", "email"=>"email@email.com"}}
  [1m[35m (0.1ms)[0m  [1m[35mBEGIN[0m
  ↳ app/controllers/users_controller.rb:8
  [1m[36mUser Create (2.9ms)[0m  [1m[32mINSERT INTO "users" ("created_at", "updated_at") VALUES ($1, $2) RETURNING "id"[0m  [["created_at", "2020-10-28 21:35:28.288211"], ["updated_at", "2020-10-28 21:35:28.288211"]]
  ↳ app/controllers/users_controller.rb:8
  [1m[35m (0.1ms)[0m  [1m[31mROLLBACK[0m
  ↳ app/controllers/users_controller.rb:8
Completed 500 Internal Server Error in 20ms (ActiveRecord: 8.4ms)


  
ActiveRecord::NotNullViolation (PG::NotNullViolation: ERROR:  null value in column "name" of relation "users" violates not-null constraint
DETAIL:  Failing row contains (1, null, null, 2020-10-28 21:35:28.288211, 2020-10-28 21:35:28.288211).
: INSERT INTO "users" ("created_at", "updated_at") VALUES ($1, $2) RETURNING "id"):
  
app/controllers/users_controller.rb:8:in `create'
Started POST "/users/" for ::1 at 2020-10-28 14:37:35 -0700
Processing by UsersController#create as */*
  Parameters: {"users"=>{"name"=>"asianguy69", "email"=>"email@email.com"}}
Completed 500 Internal Server Error in 2ms (ActiveRecord: 0.0ms)


  
ArgumentError (You need to supply at least one validation):
  
app/models/user.rb:2:in `<class:User>'
app/models/user.rb:1:in `<top (required)>'
app/controllers/users_controller.rb:7:in `create'
Started POST "/users/" for ::1 at 2020-10-28 14:39:00 -0700
Processing by UsersController#create as */*
  Parameters: {"users"=>{"name"=>"asianguy69", "email"=>"email@email.com"}}
  [1m[35m (0.1ms)[0m  [1m[35mBEGIN[0m
  ↳ app/controllers/users_controller.rb:8
  [1m[35m (0.2ms)[0m  [1m[31mROLLBACK[0m
  ↳ app/controllers/users_controller.rb:8
Completed 422 Unprocessable Entity in 20ms (Views: 0.2ms | ActiveRecord: 4.4ms)


Started POST "/users/?user[name]=duder1234&user[email]=email@email.com" for ::1 at 2020-10-28 14:40:51 -0700
Processing by UsersController#create as */*
  Parameters: {"user"=>{"name"=>"duder1234", "email"=>"email@email.com"}}
  [1m[35m (0.1ms)[0m  [1m[35mBEGIN[0m
  ↳ app/controllers/users_controller.rb:8
  [1m[35m (0.1ms)[0m  [1m[31mROLLBACK[0m
  ↳ app/controllers/users_controller.rb:8
Completed 422 Unprocessable Entity in 2ms (Views: 0.1ms | ActiveRecord: 0.2ms)


Started POST "/users/?name=duder1234&email=email@email.com" for ::1 at 2020-10-28 14:41:15 -0700
Processing by UsersController#create as */*
  Parameters: {"name"=>"duder1234", "email"=>"email@email.com"}
  [1m[35m (0.1ms)[0m  [1m[35mBEGIN[0m
  ↳ app/controllers/users_controller.rb:8
  [1m[35m (0.1ms)[0m  [1m[31mROLLBACK[0m
  ↳ app/controllers/users_controller.rb:8
Completed 422 Unprocessable Entity in 2ms (Views: 0.1ms | ActiveRecord: 0.2ms)


Started POST "/users/" for ::1 at 2020-10-28 14:43:08 -0700
Processing by UsersController#create as */*
  Parameters: {"users"=>{"name"=>"asianguy69", "email"=>"email@email.com"}}
Completed 500 Internal Server Error in 10ms (ActiveRecord: 4.7ms)


  
ActiveModel::ForbiddenAttributesError (ActiveModel::ForbiddenAttributesError):
  
app/controllers/users_controller.rb:7:in `create'
Started POST "/users/" for ::1 at 2020-10-28 14:44:48 -0700
Processing by UsersController#create as */*
  Parameters: {"name"=>"asianguy69", "email"=>"email@email.com"}
Completed 500 Internal Server Error in 0ms (ActiveRecord: 0.0ms)


  
ActiveModel::ForbiddenAttributesError (ActiveModel::ForbiddenAttributesError):
  
app/controllers/users_controller.rb:7:in `create'
Started POST "/users/" for ::1 at 2020-10-28 14:47:03 -0700
Processing by UsersController#create as */*
  Parameters: {"name"=>"asianguy69", "email"=>"email@email.com"}
Completed 400 Bad Request in 1ms (ActiveRecord: 0.0ms)


  
ActionController::ParameterMissing (param is missing or the value is empty: user):
  
app/controllers/users_controller.rb:21:in `new_params'
app/controllers/users_controller.rb:7:in `create'
Started POST "/users/" for ::1 at 2020-10-28 14:47:54 -0700
Processing by UsersController#create as */*
  Parameters: {"user"=>{"name"=>"asianguy69", "email"=>"email@email.com"}}
  [1m[35m (0.1ms)[0m  [1m[35mBEGIN[0m
  ↳ app/controllers/users_controller.rb:8
  [1m[36mUser Create (0.6ms)[0m  [1m[32mINSERT INTO "users" ("name", "email", "created_at", "updated_at") VALUES ($1, $2, $3, $4) RETURNING "id"[0m  [["name", "asianguy69"], ["email", "email@email.com"], ["created_at", "2020-10-28 21:47:54.392479"], ["updated_at", "2020-10-28 21:47:54.392479"]]
  ↳ app/controllers/users_controller.rb:8
  [1m[35m (0.3ms)[0m  [1m[35mCOMMIT[0m
  ↳ app/controllers/users_controller.rb:8
Completed 200 OK in 16ms (Views: 0.4ms | ActiveRecord: 5.6ms)


Started POST "/users/" for ::1 at 2020-10-28 14:49:28 -0700
Processing by UsersController#create as */*
  Parameters: {"user"=>{"name"=>"asianguy69"}}
  [1m[35m (0.1ms)[0m  [1m[35mBEGIN[0m
  ↳ app/controllers/users_controller.rb:8
  [1m[35m (0.1ms)[0m  [1m[31mROLLBACK[0m
  ↳ app/controllers/users_controller.rb:8
Completed 422 Unprocessable Entity in 11ms (Views: 0.1ms | ActiveRecord: 4.6ms)


Started GET "/users/1" for ::1 at 2020-10-28 14:52:16 -0700
  
SyntaxError (/Users/oriravid/Desktop/first_routes_and_controllers/app/controllers/users_controller.rb:17: syntax error, unexpected ','
... render json: User.find_by(id:, params[:id])
...                              ^
/Users/oriravid/Desktop/first_routes_and_controllers/app/controllers/users_controller.rb:17: syntax error, unexpected ')', expecting keyword_end
... User.find_by(id:, params[:id])
...                              ^
/Users/oriravid/Desktop/first_routes_and_controllers/app/controllers/users_controller.rb:24: syntax error, unexpected end-of-input, expecting keyword_end):
  
app/controllers/users_controller.rb:17: syntax error, unexpected ','
app/controllers/users_controller.rb:17: syntax error, unexpected ')', expecting keyword_end
app/controllers/users_controller.rb:24: syntax error, unexpected end-of-input, expecting keyword_end
Started GET "/users/1" for ::1 at 2020-10-28 14:52:39 -0700
Processing by UsersController#show as */*
  Parameters: {"id"=>"1"}
  [1m[36mUser Load (0.3ms)[0m  [1m[34mSELECT  "users".* FROM "users" WHERE "users"."id" = $1 LIMIT $2[0m  [["id", 1], ["LIMIT", 1]]
  ↳ app/controllers/users_controller.rb:17
Completed 200 OK in 6ms (Views: 0.1ms | ActiveRecord: 2.1ms)


  [1m[36mUser Load (0.3ms)[0m  [1m[34mSELECT  "users".* FROM "users" LIMIT $1[0m  [["LIMIT", 11]]
Started GET "/users/2" for ::1 at 2020-10-28 14:54:20 -0700
  [1m[35m (0.6ms)[0m  [1m[34mSELECT "schema_migrations"."version" FROM "schema_migrations" ORDER BY "schema_migrations"."version" ASC[0m
  ↳ /Users/oriravid/.rbenv/versions/2.5.1/lib/ruby/gems/2.5.0/gems/activerecord-5.2.4.4/lib/active_record/log_subscriber.rb:98
Processing by UsersController#show as */*
  Parameters: {"id"=>"2"}
  [1m[36mUser Load (0.4ms)[0m  [1m[34mSELECT  "users".* FROM "users" WHERE "users"."id" = $1 LIMIT $2[0m  [["id", 2], ["LIMIT", 1]]
  ↳ app/controllers/users_controller.rb:17
Completed 200 OK in 17ms (Views: 0.6ms | ActiveRecord: 5.5ms)


Started PATCH "/users/2" for ::1 at 2020-10-28 14:56:55 -0700
Processing by UsersController#update as */*
  Parameters: {"user"=>{"name"=>"walker"}, "id"=>"2"}
  [1m[36mUser Load (0.2ms)[0m  [1m[34mSELECT  "users".* FROM "users" WHERE "users"."id" = $1 LIMIT $2[0m  [["id", 2], ["LIMIT", 1]]
  ↳ app/controllers/users_controller.rb:21
  [1m[35m (0.1ms)[0m  [1m[35mBEGIN[0m
  ↳ app/controllers/users_controller.rb:22
  [1m[36mUser Update (0.4ms)[0m  [1m[33mUPDATE "users" SET "name" = $1, "updated_at" = $2 WHERE "users"."id" = $3[0m  [["name", "walker"], ["updated_at", "2020-10-28 21:56:55.490951"], ["id", 2]]
  ↳ app/controllers/users_controller.rb:22
  [1m[35m (0.4ms)[0m  [1m[35mCOMMIT[0m
  ↳ app/controllers/users_controller.rb:22
Completed 500 Internal Server Error in 80ms (ActiveRecord: 5.7ms)


  
NoMethodError (undefined method `user_url' for #<UsersController:0x00007f9c521c9ad0>
Did you mean?  users_url):
  
app/controllers/users_controller.rb:23:in `update'
Started PATCH "/users/2" for ::1 at 2020-10-28 14:57:19 -0700
Processing by UsersController#update as */*
  Parameters: {"user"=>{"name"=>"walker"}, "id"=>"2"}
  [1m[36mUser Load (0.2ms)[0m  [1m[34mSELECT  "users".* FROM "users" WHERE "users"."id" = $1 LIMIT $2[0m  [["id", 2], ["LIMIT", 1]]
  ↳ app/controllers/users_controller.rb:21
  [1m[35m (0.1ms)[0m  [1m[35mBEGIN[0m
  ↳ app/controllers/users_controller.rb:22
  [1m[35m (0.1ms)[0m  [1m[35mCOMMIT[0m
  ↳ app/controllers/users_controller.rb:22
Redirected to http://localhost:3000/users.2
Completed 302 Found in 11ms (ActiveRecord: 4.3ms)


Started GET "/users.2" for ::1 at 2020-10-28 14:57:19 -0700
Processing by UsersController#index as 
  Rendering text template
  Rendered text template (0.0ms)
Completed 200 OK in 1ms (Views: 0.9ms | ActiveRecord: 0.0ms)


Started PATCH "/users/2" for ::1 at 2020-10-28 14:58:03 -0700
Processing by UsersController#update as */*
  Parameters: {"user"=>{"name"=>"walker"}, "id"=>"2"}
  [1m[36mUser Load (0.2ms)[0m  [1m[34mSELECT  "users".* FROM "users" WHERE "users"."id" = $1 LIMIT $2[0m  [["id", 2], ["LIMIT", 1]]
  ↳ app/controllers/users_controller.rb:21
  [1m[35m (0.1ms)[0m  [1m[35mBEGIN[0m
  ↳ app/controllers/users_controller.rb:22
  [1m[35m (0.1ms)[0m  [1m[35mCOMMIT[0m
  ↳ app/controllers/users_controller.rb:22
Redirected to http://localhost:3000/users.2
Completed 302 Found in 11ms (ActiveRecord: 4.7ms)


Started GET "/users.2" for ::1 at 2020-10-28 14:58:03 -0700
Processing by UsersController#index as 
  [1m[36mUser Load (0.3ms)[0m  [1m[34mSELECT "users".* FROM "users"[0m
  ↳ app/controllers/users_controller.rb:3
Completed 200 OK in 1ms (Views: 0.7ms | ActiveRecord: 0.3ms)


Started PATCH "/users/2" for ::1 at 2020-10-28 14:58:18 -0700
Processing by UsersController#update as */*
  Parameters: {"user"=>{"name"=>""}, "id"=>"2"}
  [1m[36mUser Load (0.2ms)[0m  [1m[34mSELECT  "users".* FROM "users" WHERE "users"."id" = $1 LIMIT $2[0m  [["id", 2], ["LIMIT", 1]]
  ↳ app/controllers/users_controller.rb:21
  [1m[35m (0.1ms)[0m  [1m[35mBEGIN[0m
  ↳ app/controllers/users_controller.rb:22
  [1m[35m (0.1ms)[0m  [1m[31mROLLBACK[0m
  ↳ app/controllers/users_controller.rb:22
Completed 422 Unprocessable Entity in 4ms (Views: 0.3ms | ActiveRecord: 0.4ms)


Started DELETE "/users/2" for ::1 at 2020-10-28 14:59:12 -0700
  
ActionController::RoutingError (No route matches [DELETE] "/users/2"):
  
actionpack (5.2.4.4) lib/action_dispatch/middleware/debug_exceptions.rb:65:in `call'
web-console (3.7.0) lib/web_console/middleware.rb:135:in `call_app'
web-console (3.7.0) lib/web_console/middleware.rb:30:in `block in call'
web-console (3.7.0) lib/web_console/middleware.rb:20:in `catch'
web-console (3.7.0) lib/web_console/middleware.rb:20:in `call'
actionpack (5.2.4.4) lib/action_dispatch/middleware/show_exceptions.rb:33:in `call'
railties (5.2.4.4) lib/rails/rack/logger.rb:38:in `call_app'
railties (5.2.4.4) lib/rails/rack/logger.rb:26:in `block in call'
activesupport (5.2.4.4) lib/active_support/tagged_logging.rb:71:in `block in tagged'
activesupport (5.2.4.4) lib/active_support/tagged_logging.rb:28:in `tagged'
activesupport (5.2.4.4) lib/active_support/tagged_logging.rb:71:in `tagged'
railties (5.2.4.4) lib/rails/rack/logger.rb:26:in `call'
sprockets-rails (3.2.2) lib/sprockets/rails/quiet_assets.rb:13:in `call'
actionpack (5.2.4.4) lib/action_dispatch/middleware/remote_ip.rb:81:in `call'
actionpack (5.2.4.4) lib/action_dispatch/middleware/request_id.rb:27:in `call'
rack (2.2.3) lib/rack/method_override.rb:24:in `call'
rack (2.2.3) lib/rack/runtime.rb:22:in `call'
activesupport (5.2.4.4) lib/active_support/cache/strategy/local_cache_middleware.rb:29:in `call'
actionpack (5.2.4.4) lib/action_dispatch/middleware/executor.rb:14:in `call'
actionpack (5.2.4.4) lib/action_dispatch/middleware/static.rb:127:in `call'
rack (2.2.3) lib/rack/sendfile.rb:110:in `call'
railties (5.2.4.4) lib/rails/engine.rb:524:in `call'
puma (3.12.6) lib/puma/configuration.rb:227:in `call'
puma (3.12.6) lib/puma/server.rb:706:in `handle_request'
puma (3.12.6) lib/puma/server.rb:476:in `process_client'
puma (3.12.6) lib/puma/server.rb:334:in `block in run'
puma (3.12.6) lib/puma/thread_pool.rb:135:in `block in spawn_thread'
Started DELETE "/users/2" for ::1 at 2020-10-28 15:00:11 -0700
Processing by UsersController#destroy as */*
  Parameters: {"user"=>{"name"=>""}, "id"=>"2"}
  [1m[36mUser Load (0.2ms)[0m  [1m[34mSELECT  "users".* FROM "users" WHERE "users"."id" = $1 LIMIT $2[0m  [["id", 2], ["LIMIT", 1]]
  ↳ app/controllers/users_controller.rb:30
  [1m[35m (0.1ms)[0m  [1m[35mBEGIN[0m
  ↳ app/controllers/users_controller.rb:31
  [1m[36mUser Destroy (0.3ms)[0m  [1m[31mDELETE FROM "users" WHERE "users"."id" = $1[0m  [["id", 2]]
  ↳ app/controllers/users_controller.rb:31
  [1m[35m (0.2ms)[0m  [1m[35mCOMMIT[0m
  ↳ app/controllers/users_controller.rb:31
Redirected to http://localhost:3000/users
Completed 302 Found in 12ms (ActiveRecord: 5.2ms)


Started GET "/users" for ::1 at 2020-10-28 15:00:11 -0700
Processing by UsersController#index as */*
  [1m[36mUser Load (0.2ms)[0m  [1m[34mSELECT "users".* FROM "users"[0m
  ↳ app/controllers/users_controller.rb:3
Completed 200 OK in 1ms (Views: 0.5ms | ActiveRecord: 0.2ms)


  [1m[35m (0.1ms)[0m  [1m[34mSELECT pg_try_advisory_lock(2711202859307440470)[0m
  ↳ bin/rails:9
  [1m[35m (0.6ms)[0m  [1m[34mSELECT "schema_migrations"."version" FROM "schema_migrations" ORDER BY "schema_migrations"."version" ASC[0m
  ↳ bin/rails:9
Migrating to ChangeUsers (20201028220223)
  [1m[35m (0.1ms)[0m  [1m[35mBEGIN[0m
  ↳ bin/rails:9
  [1m[35m (1.5ms)[0m  [1m[35mALTER TABLE "users" RENAME COLUMN "name" TO "username"[0m
  ↳ db/migrate/20201028220223_change_users.rb:3
  [1m[35m (1.8ms)[0m  [1m[35mALTER TABLE "users" DROP COLUMN "email"[0m
  ↳ db/migrate/20201028220223_change_users.rb:4
  [1m[35m (1.8ms)[0m  [1m[35mCREATE UNIQUE INDEX  "index_users_on_username" ON "users"  ("username")[0m
  ↳ db/migrate/20201028220223_change_users.rb:5
  [1m[36mActiveRecord::SchemaMigration Create (0.3ms)[0m  [1m[32mINSERT INTO "schema_migrations" ("version") VALUES ($1) RETURNING "version"[0m  [["version", "20201028220223"]]
  ↳ bin/rails:9
  [1m[35m (0.3ms)[0m  [1m[35mCOMMIT[0m
  ↳ bin/rails:9
  [1m[36mActiveRecord::InternalMetadata Load (0.3ms)[0m  [1m[34mSELECT  "ar_internal_metadata".* FROM "ar_internal_metadata" WHERE "ar_internal_metadata"."key" = $1 LIMIT $2[0m  [["key", "environment"], ["LIMIT", 1]]
  ↳ bin/rails:9
  [1m[35m (0.1ms)[0m  [1m[35mBEGIN[0m
  ↳ bin/rails:9
  [1m[35m (0.1ms)[0m  [1m[35mCOMMIT[0m
  ↳ bin/rails:9
  [1m[35m (0.2ms)[0m  [1m[34mSELECT pg_advisory_unlock(2711202859307440470)[0m
  ↳ bin/rails:9
  [1m[35m (0.2ms)[0m  [1m[34mSELECT "schema_migrations"."version" FROM "schema_migrations" ORDER BY "schema_migrations"."version" ASC[0m
  ↳ bin/rails:9
  [1m[35m (0.2ms)[0m  [1m[35mBEGIN[0m
  [1m[36mUser Exists (1.1ms)[0m  [1m[34mSELECT  1 AS one FROM "users" WHERE "users"."username" = $1 LIMIT $2[0m  [["username", "asianguy69"], ["LIMIT", 1]]
  [1m[36mUser Create (0.5ms)[0m  [1m[32mINSERT INTO "users" ("username", "created_at", "updated_at") VALUES ($1, $2, $3) RETURNING "id"[0m  [["username", "asianguy69"], ["created_at", "2020-10-28 22:08:17.281739"], ["updated_at", "2020-10-28 22:08:17.281739"]]
  [1m[35m (0.5ms)[0m  [1m[35mCOMMIT[0m
  [1m[35m (0.1ms)[0m  [1m[35mBEGIN[0m
  [1m[36mUser Exists (0.3ms)[0m  [1m[34mSELECT  1 AS one FROM "users" WHERE "users"."username" = $1 LIMIT $2[0m  [["username", "asianguy69"], ["LIMIT", 1]]
  [1m[35m (0.2ms)[0m  [1m[31mROLLBACK[0m
  [1m[35m (0.1ms)[0m  [1m[34mSELECT pg_try_advisory_lock(2711202859307440470)[0m
  ↳ bin/rails:9
  [1m[35m (0.6ms)[0m  [1m[34mSELECT "schema_migrations"."version" FROM "schema_migrations" ORDER BY "schema_migrations"."version" ASC[0m
  ↳ bin/rails:9
Migrating to CreateArtworks (20201028220922)
  [1m[35m (0.1ms)[0m  [1m[35mBEGIN[0m
  ↳ bin/rails:9
  [1m[35m (4.8ms)[0m  [1m[35mCREATE TABLE "artworks" ("id" bigserial primary key, "title" character varying NOT NULL, "image_url" character varying NOT NULL, "artist_id" integer NOT NULL, "created_at" timestamp NOT NULL, "updated_at" timestamp NOT NULL)[0m
  ↳ db/migrate/20201028220922_create_artworks.rb:4
  [1m[35m (1.0ms)[0m  [1m[35mCREATE UNIQUE INDEX  "index_artworks_on_title_and_artist_id" ON "artworks"  ("title", "artist_id")[0m
  ↳ db/migrate/20201028220922_create_artworks.rb:11
  [1m[35m (0.7ms)[0m  [1m[35mCREATE  INDEX  "index_artworks_on_artist_id" ON "artworks"  ("artist_id")[0m
  ↳ db/migrate/20201028220922_create_artworks.rb:12
  [1m[36mActiveRecord::SchemaMigration Create (0.3ms)[0m  [1m[32mINSERT INTO "schema_migrations" ("version") VALUES ($1) RETURNING "version"[0m  [["version", "20201028220922"]]
  ↳ bin/rails:9
  [1m[35m (0.5ms)[0m  [1m[35mCOMMIT[0m
  ↳ bin/rails:9
  [1m[36mActiveRecord::InternalMetadata Load (0.3ms)[0m  [1m[34mSELECT  "ar_internal_metadata".* FROM "ar_internal_metadata" WHERE "ar_internal_metadata"."key" = $1 LIMIT $2[0m  [["key", "environment"], ["LIMIT", 1]]
  ↳ bin/rails:9
  [1m[35m (0.1ms)[0m  [1m[35mBEGIN[0m
  ↳ bin/rails:9
  [1m[35m (0.1ms)[0m  [1m[35mCOMMIT[0m
  ↳ bin/rails:9
  [1m[35m (0.2ms)[0m  [1m[34mSELECT pg_advisory_unlock(2711202859307440470)[0m
  ↳ bin/rails:9
  [1m[35m (0.2ms)[0m  [1m[34mSELECT "schema_migrations"."version" FROM "schema_migrations" ORDER BY "schema_migrations"."version" ASC[0m
  ↳ bin/rails:9
  [1m[35m (0.2ms)[0m  [1m[34mSELECT pg_try_advisory_lock(2711202859307440470)[0m
  ↳ bin/rails:9
  [1m[35m (0.8ms)[0m  [1m[34mSELECT "schema_migrations"."version" FROM "schema_migrations" ORDER BY "schema_migrations"."version" ASC[0m
  ↳ bin/rails:9
Migrating to CreateArtworkShares (20201028222110)
  [1m[35m (0.1ms)[0m  [1m[35mBEGIN[0m
  ↳ bin/rails:9
  [1m[35m (4.1ms)[0m  [1m[35mCREATE TABLE "artwork_shares" ("id" bigserial primary key, "artwork_id" integer NOT NULL, "viewer_id" integer NOT NULL, "created_at" timestamp NOT NULL, "updated_at" timestamp NOT NULL)[0m
  ↳ db/migrate/20201028222110_create_artwork_shares.rb:3
  [1m[35m (2.7ms)[0m  [1m[35mCREATE UNIQUE INDEX  "index_artwork_shares_on_artwork_id_and_view_id" ON "artwork_shares"  ("artwork_id", "view_id")[0m
  ↳ db/migrate/20201028222110_create_artwork_shares.rb:9
  [1m[35m (0.1ms)[0m  [1m[31mROLLBACK[0m
  ↳ bin/rails:9
  [1m[35m (0.2ms)[0m  [1m[34mSELECT pg_advisory_unlock(2711202859307440470)[0m
  ↳ bin/rails:9
  [1m[35m (0.1ms)[0m  [1m[34mSELECT pg_try_advisory_lock(2711202859307440470)[0m
  ↳ bin/rails:9
  [1m[35m (0.7ms)[0m  [1m[34mSELECT "schema_migrations"."version" FROM "schema_migrations" ORDER BY "schema_migrations"."version" ASC[0m
  ↳ bin/rails:9
Migrating to CreateArtworkShares (20201028222110)
  [1m[35m (0.1ms)[0m  [1m[35mBEGIN[0m
  ↳ bin/rails:9
  [1m[35m (3.7ms)[0m  [1m[35mCREATE TABLE "artwork_shares" ("id" bigserial primary key, "artwork_id" integer NOT NULL, "viewer_id" integer NOT NULL, "created_at" timestamp NOT NULL, "updated_at" timestamp NOT NULL)[0m
  ↳ db/migrate/20201028222110_create_artwork_shares.rb:3
  [1m[35m (1.2ms)[0m  [1m[35mCREATE UNIQUE INDEX  "index_artwork_shares_on_artwork_id_and_viewer_id" ON "artwork_shares"  ("artwork_id", "viewer_id")[0m
  ↳ db/migrate/20201028222110_create_artwork_shares.rb:9
  [1m[35m (0.8ms)[0m  [1m[35mCREATE  INDEX  "index_artwork_shares_on_artwork_id" ON "artwork_shares"  ("artwork_id")[0m
  ↳ db/migrate/20201028222110_create_artwork_shares.rb:10
  [1m[35m (0.6ms)[0m  [1m[35mCREATE  INDEX  "index_artwork_shares_on_viewer_id" ON "artwork_shares"  ("viewer_id")[0m
  ↳ db/migrate/20201028222110_create_artwork_shares.rb:11
  [1m[36mActiveRecord::SchemaMigration Create (0.3ms)[0m  [1m[32mINSERT INTO "schema_migrations" ("version") VALUES ($1) RETURNING "version"[0m  [["version", "20201028222110"]]
  ↳ bin/rails:9
  [1m[35m (0.3ms)[0m  [1m[35mCOMMIT[0m
  ↳ bin/rails:9
  [1m[36mActiveRecord::InternalMetadata Load (0.3ms)[0m  [1m[34mSELECT  "ar_internal_metadata".* FROM "ar_internal_metadata" WHERE "ar_internal_metadata"."key" = $1 LIMIT $2[0m  [["key", "environment"], ["LIMIT", 1]]
  ↳ bin/rails:9
  [1m[35m (0.1ms)[0m  [1m[35mBEGIN[0m
  ↳ bin/rails:9
  [1m[35m (0.1ms)[0m  [1m[35mCOMMIT[0m
  ↳ bin/rails:9
  [1m[35m (0.2ms)[0m  [1m[34mSELECT pg_advisory_unlock(2711202859307440470)[0m
  ↳ bin/rails:9
  [1m[35m (0.2ms)[0m  [1m[34mSELECT "schema_migrations"."version" FROM "schema_migrations" ORDER BY "schema_migrations"."version" ASC[0m
  ↳ bin/rails:9
Started POST "/users/" for ::1 at 2020-10-28 16:07:45 -0700
  [1m[35m (0.7ms)[0m  [1m[34mSELECT "schema_migrations"."version" FROM "schema_migrations" ORDER BY "schema_migrations"."version" ASC[0m
  ↳ /Users/oriravid/.rbenv/versions/2.5.1/lib/ruby/gems/2.5.0/gems/activerecord-5.2.4.4/lib/active_record/log_subscriber.rb:98
Processing by UsersController#create as */*
  Parameters: {"user"=>{"username"=>"user1"}}
  [1m[35m (0.1ms)[0m  [1m[35mBEGIN[0m
  ↳ app/controllers/users_controller.rb:8
  [1m[36mUser Exists (0.6ms)[0m  [1m[34mSELECT  1 AS one FROM "users" WHERE "users"."username" = $1 LIMIT $2[0m  [["username", "user1"], ["LIMIT", 1]]
  ↳ app/controllers/users_controller.rb:8
  [1m[36mUser Create (0.5ms)[0m  [1m[32mINSERT INTO "users" ("username", "created_at", "updated_at") VALUES ($1, $2, $3) RETURNING "id"[0m  [["username", "user1"], ["created_at", "2020-10-28 23:07:45.731145"], ["updated_at", "2020-10-28 23:07:45.731145"]]
  ↳ app/controllers/users_controller.rb:8
  [1m[35m (0.3ms)[0m  [1m[35mCOMMIT[0m
  ↳ app/controllers/users_controller.rb:8
Completed 500 Internal Server Error in 32ms (Views: 0.4ms | ActiveRecord: 7.8ms)



AbstractController::DoubleRenderError - Render and/or redirect were called multiple times in this action. Please note that you may only call render OR redirect, and at most once per action. Also note that neither redirect nor render terminate execution of the action, so if you want to exit an action after redirecting, you need to do something like "redirect_to(...) and return".:
  app/controllers/users_controller.rb:13:in `create'

Started POST "/users/" for ::1 at 2020-10-28 16:08:25 -0700
Processing by UsersController#create as */*
  Parameters: {"user"=>{"username"=>"user1"}}
  [1m[35m (0.1ms)[0m  [1m[35mBEGIN[0m
  ↳ app/controllers/users_controller.rb:8
  [1m[36mUser Exists (0.3ms)[0m  [1m[34mSELECT  1 AS one FROM "users" WHERE "users"."username" = $1 LIMIT $2[0m  [["username", "user1"], ["LIMIT", 1]]
  ↳ app/controllers/users_controller.rb:8
  [1m[35m (0.2ms)[0m  [1m[31mROLLBACK[0m
  ↳ app/controllers/users_controller.rb:8
Completed 422 Unprocessable Entity in 16ms (Views: 0.3ms | ActiveRecord: 4.9ms)


Started POST "/users/" for ::1 at 2020-10-28 16:08:34 -0700
Processing by UsersController#create as */*
  Parameters: {"user"=>{"username"=>"user2"}}
  [1m[35m (0.1ms)[0m  [1m[35mBEGIN[0m
  ↳ app/controllers/users_controller.rb:8
  [1m[36mUser Exists (0.3ms)[0m  [1m[34mSELECT  1 AS one FROM "users" WHERE "users"."username" = $1 LIMIT $2[0m  [["username", "user2"], ["LIMIT", 1]]
  ↳ app/controllers/users_controller.rb:8
  [1m[36mUser Create (0.3ms)[0m  [1m[32mINSERT INTO "users" ("username", "created_at", "updated_at") VALUES ($1, $2, $3) RETURNING "id"[0m  [["username", "user2"], ["created_at", "2020-10-28 23:08:34.975696"], ["updated_at", "2020-10-28 23:08:34.975696"]]
  ↳ app/controllers/users_controller.rb:8
  [1m[35m (0.5ms)[0m  [1m[35mCOMMIT[0m
  ↳ app/controllers/users_controller.rb:8
Completed 200 OK in 4ms (Views: 0.3ms | ActiveRecord: 1.2ms)


Started POST "/users/" for ::1 at 2020-10-28 16:08:38 -0700
Processing by UsersController#create as */*
  Parameters: {"user"=>{"username"=>"user3"}}
  [1m[35m (0.1ms)[0m  [1m[35mBEGIN[0m
  ↳ app/controllers/users_controller.rb:8
  [1m[36mUser Exists (0.3ms)[0m  [1m[34mSELECT  1 AS one FROM "users" WHERE "users"."username" = $1 LIMIT $2[0m  [["username", "user3"], ["LIMIT", 1]]
  ↳ app/controllers/users_controller.rb:8
  [1m[36mUser Create (0.3ms)[0m  [1m[32mINSERT INTO "users" ("username", "created_at", "updated_at") VALUES ($1, $2, $3) RETURNING "id"[0m  [["username", "user3"], ["created_at", "2020-10-28 23:08:38.331265"], ["updated_at", "2020-10-28 23:08:38.331265"]]
  ↳ app/controllers/users_controller.rb:8
  [1m[35m (0.5ms)[0m  [1m[35mCOMMIT[0m
  ↳ app/controllers/users_controller.rb:8
Completed 200 OK in 4ms (Views: 0.2ms | ActiveRecord: 1.2ms)


Started POST "/users/" for ::1 at 2020-10-28 16:08:41 -0700
Processing by UsersController#create as */*
  Parameters: {"user"=>{"username"=>"user4"}}
  [1m[35m (0.1ms)[0m  [1m[35mBEGIN[0m
  ↳ app/controllers/users_controller.rb:8
  [1m[36mUser Exists (0.3ms)[0m  [1m[34mSELECT  1 AS one FROM "users" WHERE "users"."username" = $1 LIMIT $2[0m  [["username", "user4"], ["LIMIT", 1]]
  ↳ app/controllers/users_controller.rb:8
  [1m[36mUser Create (0.3ms)[0m  [1m[32mINSERT INTO "users" ("username", "created_at", "updated_at") VALUES ($1, $2, $3) RETURNING "id"[0m  [["username", "user4"], ["created_at", "2020-10-28 23:08:41.974721"], ["updated_at", "2020-10-28 23:08:41.974721"]]
  ↳ app/controllers/users_controller.rb:8
  [1m[35m (0.5ms)[0m  [1m[35mCOMMIT[0m
  ↳ app/controllers/users_controller.rb:8
Completed 200 OK in 3ms (Views: 0.3ms | ActiveRecord: 1.1ms)


Started GET "/users/7" for ::1 at 2020-10-28 16:11:42 -0700
  
ActionController::RoutingError (No route matches [GET] "/users/7"):
  
actionpack (5.2.4.4) lib/action_dispatch/middleware/debug_exceptions.rb:65:in `call'
web-console (3.7.0) lib/web_console/middleware.rb:135:in `call_app'
web-console (3.7.0) lib/web_console/middleware.rb:30:in `block in call'
web-console (3.7.0) lib/web_console/middleware.rb:20:in `catch'
web-console (3.7.0) lib/web_console/middleware.rb:20:in `call'
actionpack (5.2.4.4) lib/action_dispatch/middleware/show_exceptions.rb:33:in `call'
railties (5.2.4.4) lib/rails/rack/logger.rb:38:in `call_app'
railties (5.2.4.4) lib/rails/rack/logger.rb:26:in `block in call'
activesupport (5.2.4.4) lib/active_support/tagged_logging.rb:71:in `block in tagged'
activesupport (5.2.4.4) lib/active_support/tagged_logging.rb:28:in `tagged'
activesupport (5.2.4.4) lib/active_support/tagged_logging.rb:71:in `tagged'
railties (5.2.4.4) lib/rails/rack/logger.rb:26:in `call'
sprockets-rails (3.2.2) lib/sprockets/rails/quiet_assets.rb:13:in `call'
actionpack (5.2.4.4) lib/action_dispatch/middleware/remote_ip.rb:81:in `call'
actionpack (5.2.4.4) lib/action_dispatch/middleware/request_id.rb:27:in `call'
rack (2.2.3) lib/rack/method_override.rb:24:in `call'
rack (2.2.3) lib/rack/runtime.rb:22:in `call'
activesupport (5.2.4.4) lib/active_support/cache/strategy/local_cache_middleware.rb:29:in `call'
actionpack (5.2.4.4) lib/action_dispatch/middleware/executor.rb:14:in `call'
actionpack (5.2.4.4) lib/action_dispatch/middleware/static.rb:127:in `call'
rack (2.2.3) lib/rack/sendfile.rb:110:in `call'
railties (5.2.4.4) lib/rails/engine.rb:524:in `call'
puma (3.12.6) lib/puma/configuration.rb:227:in `call'
puma (3.12.6) lib/puma/server.rb:706:in `handle_request'
puma (3.12.6) lib/puma/server.rb:476:in `process_client'
puma (3.12.6) lib/puma/server.rb:334:in `block in run'
puma (3.12.6) lib/puma/thread_pool.rb:135:in `block in spawn_thread'
Started GET "/users/7" for ::1 at 2020-10-28 16:12:21 -0700
Processing by UsersController#show as */*
  Parameters: {"user"=>{"username"=>"user4"}, "id"=>"7"}
  [1m[36mUser Load (0.3ms)[0m  [1m[34mSELECT  "users".* FROM "users" WHERE "users"."id" = $1 LIMIT $2[0m  [["id", 7], ["LIMIT", 1]]
  ↳ app/controllers/users_controller.rb:16
Completed 200 OK in 12ms (Views: 0.5ms | ActiveRecord: 4.9ms)


Started GET "/users/7" for ::1 at 2020-10-28 16:12:28 -0700
Processing by UsersController#show as */*
  Parameters: {"user"=>{"username"=>"user4"}, "id"=>"7"}
  [1m[36mUser Load (0.2ms)[0m  [1m[34mSELECT  "users".* FROM "users" WHERE "users"."id" = $1 LIMIT $2[0m  [["id", 7], ["LIMIT", 1]]
  ↳ app/controllers/users_controller.rb:16
Completed 200 OK in 11ms (Views: 0.3ms | ActiveRecord: 4.4ms)


Started GET "/users/7" for ::1 at 2020-10-28 16:12:50 -0700
  
ActionController::RoutingError (No route matches [GET] "/users/7"):
  
actionpack (5.2.4.4) lib/action_dispatch/middleware/debug_exceptions.rb:65:in `call'
web-console (3.7.0) lib/web_console/middleware.rb:135:in `call_app'
web-console (3.7.0) lib/web_console/middleware.rb:30:in `block in call'
web-console (3.7.0) lib/web_console/middleware.rb:20:in `catch'
web-console (3.7.0) lib/web_console/middleware.rb:20:in `call'
actionpack (5.2.4.4) lib/action_dispatch/middleware/show_exceptions.rb:33:in `call'
railties (5.2.4.4) lib/rails/rack/logger.rb:38:in `call_app'
railties (5.2.4.4) lib/rails/rack/logger.rb:26:in `block in call'
activesupport (5.2.4.4) lib/active_support/tagged_logging.rb:71:in `block in tagged'
activesupport (5.2.4.4) lib/active_support/tagged_logging.rb:28:in `tagged'
activesupport (5.2.4.4) lib/active_support/tagged_logging.rb:71:in `tagged'
railties (5.2.4.4) lib/rails/rack/logger.rb:26:in `call'
sprockets-rails (3.2.2) lib/sprockets/rails/quiet_assets.rb:13:in `call'
actionpack (5.2.4.4) lib/action_dispatch/middleware/remote_ip.rb:81:in `call'
actionpack (5.2.4.4) lib/action_dispatch/middleware/request_id.rb:27:in `call'
rack (2.2.3) lib/rack/method_override.rb:24:in `call'
rack (2.2.3) lib/rack/runtime.rb:22:in `call'
activesupport (5.2.4.4) lib/active_support/cache/strategy/local_cache_middleware.rb:29:in `call'
actionpack (5.2.4.4) lib/action_dispatch/middleware/executor.rb:14:in `call'
actionpack (5.2.4.4) lib/action_dispatch/middleware/static.rb:127:in `call'
rack (2.2.3) lib/rack/sendfile.rb:110:in `call'
railties (5.2.4.4) lib/rails/engine.rb:524:in `call'
puma (3.12.6) lib/puma/configuration.rb:227:in `call'
puma (3.12.6) lib/puma/server.rb:706:in `handle_request'
puma (3.12.6) lib/puma/server.rb:476:in `process_client'
puma (3.12.6) lib/puma/server.rb:334:in `block in run'
puma (3.12.6) lib/puma/thread_pool.rb:135:in `block in spawn_thread'
Started GET "/users/7" for ::1 at 2020-10-28 16:13:11 -0700
  
ActionController::RoutingError (No route matches [GET] "/users/7"):
  
actionpack (5.2.4.4) lib/action_dispatch/middleware/debug_exceptions.rb:65:in `call'
web-console (3.7.0) lib/web_console/middleware.rb:135:in `call_app'
web-console (3.7.0) lib/web_console/middleware.rb:30:in `block in call'
web-console (3.7.0) lib/web_console/middleware.rb:20:in `catch'
web-console (3.7.0) lib/web_console/middleware.rb:20:in `call'
actionpack (5.2.4.4) lib/action_dispatch/middleware/show_exceptions.rb:33:in `call'
railties (5.2.4.4) lib/rails/rack/logger.rb:38:in `call_app'
railties (5.2.4.4) lib/rails/rack/logger.rb:26:in `block in call'
activesupport (5.2.4.4) lib/active_support/tagged_logging.rb:71:in `block in tagged'
activesupport (5.2.4.4) lib/active_support/tagged_logging.rb:28:in `tagged'
activesupport (5.2.4.4) lib/active_support/tagged_logging.rb:71:in `tagged'
railties (5.2.4.4) lib/rails/rack/logger.rb:26:in `call'
sprockets-rails (3.2.2) lib/sprockets/rails/quiet_assets.rb:13:in `call'
actionpack (5.2.4.4) lib/action_dispatch/middleware/remote_ip.rb:81:in `call'
actionpack (5.2.4.4) lib/action_dispatch/middleware/request_id.rb:27:in `call'
rack (2.2.3) lib/rack/method_override.rb:24:in `call'
rack (2.2.3) lib/rack/runtime.rb:22:in `call'
activesupport (5.2.4.4) lib/active_support/cache/strategy/local_cache_middleware.rb:29:in `call'
actionpack (5.2.4.4) lib/action_dispatch/middleware/executor.rb:14:in `call'
actionpack (5.2.4.4) lib/action_dispatch/middleware/static.rb:127:in `call'
rack (2.2.3) lib/rack/sendfile.rb:110:in `call'
railties (5.2.4.4) lib/rails/engine.rb:524:in `call'
puma (3.12.6) lib/puma/configuration.rb:227:in `call'
puma (3.12.6) lib/puma/server.rb:706:in `handle_request'
puma (3.12.6) lib/puma/server.rb:476:in `process_client'
puma (3.12.6) lib/puma/server.rb:334:in `block in run'
puma (3.12.6) lib/puma/thread_pool.rb:135:in `block in spawn_thread'
Started GET "/users/7" for ::1 at 2020-10-28 16:13:32 -0700
Processing by UsersController#show as */*
  Parameters: {"user"=>{"username"=>"user4"}, "id"=>"7"}
  [1m[36mUser Load (0.2ms)[0m  [1m[34mSELECT  "users".* FROM "users" WHERE "users"."id" = $1 LIMIT $2[0m  [["id", 7], ["LIMIT", 1]]
  ↳ app/controllers/users_controller.rb:16
Completed 200 OK in 12ms (Views: 0.3ms | ActiveRecord: 4.5ms)


Started GET "/artworks/" for ::1 at 2020-10-28 16:17:53 -0700
Processing by ArtworksController#index as */*
  Parameters: {"user"=>{"username"=>"user4"}}
  [1m[36mArtwork Load (0.7ms)[0m  [1m[34mSELECT "artworks".* FROM "artworks"[0m
  ↳ app/controllers/artworks_controller.rb:3
Completed 200 OK in 8ms (Views: 1.0ms | ActiveRecord: 2.0ms)


Started POST "/artworks/" for ::1 at 2020-10-28 16:18:38 -0700
Processing by ArtworksController#create as */*
  Parameters: {"artwork"=>{"title"=>"\"Mona Lisa\"", "image_url"=>"google.com/mona_lisa", "artist_id"=>"7"}}
  [1m[35m (0.1ms)[0m  [1m[35mBEGIN[0m
  ↳ app/controllers/artworks_controller.rb:8
  [1m[36mArtwork Exists (0.3ms)[0m  [1m[34mSELECT  1 AS one FROM "artworks" WHERE "artworks"."title" = $1 AND "artworks"."artist_id" = $2 LIMIT $3[0m  [["title", "\"Mona Lisa\""], ["artist_id", 7], ["LIMIT", 1]]
  ↳ app/controllers/artworks_controller.rb:8
  [1m[36mUser Load (0.2ms)[0m  [1m[34mSELECT  "users".* FROM "users" WHERE "users"."id" = $1 LIMIT $2[0m  [["id", 7], ["LIMIT", 1]]
  ↳ app/controllers/artworks_controller.rb:8
  [1m[36mArtwork Create (0.9ms)[0m  [1m[32mINSERT INTO "artworks" ("title", "image_url", "artist_id", "created_at", "updated_at") VALUES ($1, $2, $3, $4, $5) RETURNING "id"[0m  [["title", "\"Mona Lisa\""], ["image_url", "google.com/mona_lisa"], ["artist_id", 7], ["created_at", "2020-10-28 23:18:38.445404"], ["updated_at", "2020-10-28 23:18:38.445404"]]
  ↳ app/controllers/artworks_controller.rb:8
  [1m[35m (0.3ms)[0m  [1m[35mCOMMIT[0m
  ↳ app/controllers/artworks_controller.rb:8
Completed 200 OK in 37ms (Views: 0.4ms | ActiveRecord: 8.7ms)


Started POST "/artworks/" for ::1 at 2020-10-28 16:19:21 -0700
Processing by ArtworksController#create as */*
  Parameters: {"artwork"=>{"title"=>"'Artwork name uniqueness cool'", "image_url"=>"google.com/im_creative.jpg", "artist_id"=>"5"}}
  [1m[35m (0.1ms)[0m  [1m[35mBEGIN[0m
  ↳ app/controllers/artworks_controller.rb:8
  [1m[36mArtwork Exists (0.3ms)[0m  [1m[34mSELECT  1 AS one FROM "artworks" WHERE "artworks"."title" = $1 AND "artworks"."artist_id" = $2 LIMIT $3[0m  [["title", "'Artwork name uniqueness cool'"], ["artist_id", 5], ["LIMIT", 1]]
  ↳ app/controllers/artworks_controller.rb:8
  [1m[36mUser Load (0.2ms)[0m  [1m[34mSELECT  "users".* FROM "users" WHERE "users"."id" = $1 LIMIT $2[0m  [["id", 5], ["LIMIT", 1]]
  ↳ app/controllers/artworks_controller.rb:8
  [1m[36mArtwork Create (0.3ms)[0m  [1m[32mINSERT INTO "artworks" ("title", "image_url", "artist_id", "created_at", "updated_at") VALUES ($1, $2, $3, $4, $5) RETURNING "id"[0m  [["title", "'Artwork name uniqueness cool'"], ["image_url", "google.com/im_creative.jpg"], ["artist_id", 5], ["created_at", "2020-10-28 23:19:21.175290"], ["updated_at", "2020-10-28 23:19:21.175290"]]
  ↳ app/controllers/artworks_controller.rb:8
  [1m[35m (0.5ms)[0m  [1m[35mCOMMIT[0m
  ↳ app/controllers/artworks_controller.rb:8
Completed 200 OK in 7ms (Views: 0.3ms | ActiveRecord: 1.4ms)


Started POST "/artworks/" for ::1 at 2020-10-28 16:19:38 -0700
Processing by ArtworksController#create as */*
  Parameters: {"artwork"=>{"title"=>"I'm annoying", "image_url"=>"google.com/im_annoying.jpg", "artist_id"=>"2"}}
  [1m[35m (0.1ms)[0m  [1m[35mBEGIN[0m
  ↳ app/controllers/artworks_controller.rb:8
  [1m[36mArtwork Exists (0.3ms)[0m  [1m[34mSELECT  1 AS one FROM "artworks" WHERE "artworks"."title" = $1 AND "artworks"."artist_id" = $2 LIMIT $3[0m  [["title", "I'm annoying"], ["artist_id", 2], ["LIMIT", 1]]
  ↳ app/controllers/artworks_controller.rb:8
  [1m[36mUser Load (0.2ms)[0m  [1m[34mSELECT  "users".* FROM "users" WHERE "users"."id" = $1 LIMIT $2[0m  [["id", 2], ["LIMIT", 1]]
  ↳ app/controllers/artworks_controller.rb:8
  [1m[35m (0.1ms)[0m  [1m[31mROLLBACK[0m
  ↳ app/controllers/artworks_controller.rb:8
Completed 422 Unprocessable Entity in 4ms (Views: 0.1ms | ActiveRecord: 0.7ms)


Started POST "/artworks/" for ::1 at 2020-10-28 16:19:42 -0700
Processing by ArtworksController#create as */*
  Parameters: {"artwork"=>{"title"=>"I'm annoying", "image_url"=>"google.com/im_annoying.jpg", "artist_id"=>"4"}}
  [1m[35m (0.1ms)[0m  [1m[35mBEGIN[0m
  ↳ app/controllers/artworks_controller.rb:8
  [1m[36mArtwork Exists (0.3ms)[0m  [1m[34mSELECT  1 AS one FROM "artworks" WHERE "artworks"."title" = $1 AND "artworks"."artist_id" = $2 LIMIT $3[0m  [["title", "I'm annoying"], ["artist_id", 4], ["LIMIT", 1]]
  ↳ app/controllers/artworks_controller.rb:8
  [1m[36mUser Load (0.2ms)[0m  [1m[34mSELECT  "users".* FROM "users" WHERE "users"."id" = $1 LIMIT $2[0m  [["id", 4], ["LIMIT", 1]]
  ↳ app/controllers/artworks_controller.rb:8
  [1m[36mArtwork Create (0.3ms)[0m  [1m[32mINSERT INTO "artworks" ("title", "image_url", "artist_id", "created_at", "updated_at") VALUES ($1, $2, $3, $4, $5) RETURNING "id"[0m  [["title", "I'm annoying"], ["image_url", "google.com/im_annoying.jpg"], ["artist_id", 4], ["created_at", "2020-10-28 23:19:42.471809"], ["updated_at", "2020-10-28 23:19:42.471809"]]
  ↳ app/controllers/artworks_controller.rb:8
  [1m[35m (0.4ms)[0m  [1m[35mCOMMIT[0m
  ↳ app/controllers/artworks_controller.rb:8
Completed 200 OK in 7ms (Views: 0.3ms | ActiveRecord: 1.4ms)


Started GET "/artworks/1" for ::1 at 2020-10-28 16:20:24 -0700
Processing by ArtworksController#show as */*
  Parameters: {"artwork"=>{"title"=>"I'm annoying", "image_url"=>"google.com/im_annoying.jpg", "artist_id"=>"4"}, "id"=>"1"}
  [1m[36mArtwork Load (0.2ms)[0m  [1m[34mSELECT  "artworks".* FROM "artworks" WHERE "artworks"."id" = $1 LIMIT $2[0m  [["id", 1], ["LIMIT", 1]]
  ↳ app/controllers/artworks_controller.rb:16
Completed 200 OK in 2ms (Views: 0.3ms | ActiveRecord: 0.2ms)


Started POST "/artworkshares/" for ::1 at 2020-10-28 16:30:13 -0700
  
ActionController::RoutingError (No route matches [POST] "/artworkshares"):
  
actionpack (5.2.4.4) lib/action_dispatch/middleware/debug_exceptions.rb:65:in `call'
web-console (3.7.0) lib/web_console/middleware.rb:135:in `call_app'
web-console (3.7.0) lib/web_console/middleware.rb:30:in `block in call'
web-console (3.7.0) lib/web_console/middleware.rb:20:in `catch'
web-console (3.7.0) lib/web_console/middleware.rb:20:in `call'
actionpack (5.2.4.4) lib/action_dispatch/middleware/show_exceptions.rb:33:in `call'
railties (5.2.4.4) lib/rails/rack/logger.rb:38:in `call_app'
railties (5.2.4.4) lib/rails/rack/logger.rb:26:in `block in call'
activesupport (5.2.4.4) lib/active_support/tagged_logging.rb:71:in `block in tagged'
activesupport (5.2.4.4) lib/active_support/tagged_logging.rb:28:in `tagged'
activesupport (5.2.4.4) lib/active_support/tagged_logging.rb:71:in `tagged'
railties (5.2.4.4) lib/rails/rack/logger.rb:26:in `call'
sprockets-rails (3.2.2) lib/sprockets/rails/quiet_assets.rb:13:in `call'
actionpack (5.2.4.4) lib/action_dispatch/middleware/remote_ip.rb:81:in `call'
actionpack (5.2.4.4) lib/action_dispatch/middleware/request_id.rb:27:in `call'
rack (2.2.3) lib/rack/method_override.rb:24:in `call'
rack (2.2.3) lib/rack/runtime.rb:22:in `call'
activesupport (5.2.4.4) lib/active_support/cache/strategy/local_cache_middleware.rb:29:in `call'
actionpack (5.2.4.4) lib/action_dispatch/middleware/executor.rb:14:in `call'
actionpack (5.2.4.4) lib/action_dispatch/middleware/static.rb:127:in `call'
rack (2.2.3) lib/rack/sendfile.rb:110:in `call'
railties (5.2.4.4) lib/rails/engine.rb:524:in `call'
puma (3.12.6) lib/puma/configuration.rb:227:in `call'
puma (3.12.6) lib/puma/server.rb:706:in `handle_request'
puma (3.12.6) lib/puma/server.rb:476:in `process_client'
puma (3.12.6) lib/puma/server.rb:334:in `block in run'
puma (3.12.6) lib/puma/thread_pool.rb:135:in `block in spawn_thread'
Started POST "/artworkshares/" for ::1 at 2020-10-28 16:30:50 -0700

LoadError - Unable to autoload constant ArtworksharesController, expected /Users/oriravid/Desktop/first_routes_and_controllers/app/controllers/artworkshares_controller.rb to define it:

Started POST "/artworkshares/" for ::1 at 2020-10-28 16:32:43 -0700
  
ActionController::RoutingError (No route matches [POST] "/artworkshares"):
  
actionpack (5.2.4.4) lib/action_dispatch/middleware/debug_exceptions.rb:65:in `call'
web-console (3.7.0) lib/web_console/middleware.rb:135:in `call_app'
web-console (3.7.0) lib/web_console/middleware.rb:30:in `block in call'
web-console (3.7.0) lib/web_console/middleware.rb:20:in `catch'
web-console (3.7.0) lib/web_console/middleware.rb:20:in `call'
actionpack (5.2.4.4) lib/action_dispatch/middleware/show_exceptions.rb:33:in `call'
railties (5.2.4.4) lib/rails/rack/logger.rb:38:in `call_app'
railties (5.2.4.4) lib/rails/rack/logger.rb:26:in `block in call'
activesupport (5.2.4.4) lib/active_support/tagged_logging.rb:71:in `block in tagged'
activesupport (5.2.4.4) lib/active_support/tagged_logging.rb:28:in `tagged'
activesupport (5.2.4.4) lib/active_support/tagged_logging.rb:71:in `tagged'
railties (5.2.4.4) lib/rails/rack/logger.rb:26:in `call'
sprockets-rails (3.2.2) lib/sprockets/rails/quiet_assets.rb:13:in `call'
actionpack (5.2.4.4) lib/action_dispatch/middleware/remote_ip.rb:81:in `call'
actionpack (5.2.4.4) lib/action_dispatch/middleware/request_id.rb:27:in `call'
rack (2.2.3) lib/rack/method_override.rb:24:in `call'
rack (2.2.3) lib/rack/runtime.rb:22:in `call'
activesupport (5.2.4.4) lib/active_support/cache/strategy/local_cache_middleware.rb:29:in `call'
actionpack (5.2.4.4) lib/action_dispatch/middleware/executor.rb:14:in `call'
actionpack (5.2.4.4) lib/action_dispatch/middleware/static.rb:127:in `call'
rack (2.2.3) lib/rack/sendfile.rb:110:in `call'
railties (5.2.4.4) lib/rails/engine.rb:524:in `call'
puma (3.12.6) lib/puma/configuration.rb:227:in `call'
puma (3.12.6) lib/puma/server.rb:706:in `handle_request'
puma (3.12.6) lib/puma/server.rb:476:in `process_client'
puma (3.12.6) lib/puma/server.rb:334:in `block in run'
puma (3.12.6) lib/puma/thread_pool.rb:135:in `block in spawn_thread'
Started POST "/artwork_shares/" for ::1 at 2020-10-28 16:33:01 -0700

ActionController::RoutingError - uninitialized constant ArtworkSharesController:

Started POST "/artwork_shares/" for ::1 at 2020-10-28 16:33:44 -0700

ActionController::RoutingError - uninitialized constant ArtworkSharesController:

Started POST "/artwork_shares/" for ::1 at 2020-10-28 16:34:19 -0700

LoadError - Unable to autoload constant ArtworkSharesController, expected /Users/oriravid/Desktop/first_routes_and_controllers/app/controllers/artwork_shares_controller.rb to define it:

Started POST "/artwork_shares/" for ::1 at 2020-10-28 16:34:31 -0700
Processing by ArtworkSharesController#create as */*
  Parameters: {"artworkshare"=>{"artwork_id"=>"1", "viewer_id"=>"1"}}
Completed 500 Internal Server Error in 3ms (ActiveRecord: 0.0ms)



NameError - uninitialized constant ArtworkSharesController::ArtworkShares:
  app/controllers/artwork_shares_controller.rb:4:in `create'

Started POST "/artwork_shares/" for ::1 at 2020-10-28 16:35:29 -0700
Processing by ArtworkSharesController#create as */*
  Parameters: {"artworkshare"=>{"artwork_id"=>"1", "viewer_id"=>"1"}}
Completed 400 Bad Request in 4ms (ActiveRecord: 0.0ms)



ActionController::ParameterMissing - param is missing or the value is empty: artworkshares:
  app/controllers/artwork_shares_controller.rb:21:in `new_params'
  app/controllers/artwork_shares_controller.rb:4:in `create'

Started POST "/artwork_shares/" for ::1 at 2020-10-28 16:35:40 -0700
Processing by ArtworkSharesController#create as */*
  Parameters: {"artworkshare"=>{"artwork_id"=>"1", "viewer_id"=>"1"}}
  [1m[35m (0.1ms)[0m  [1m[35mBEGIN[0m
  ↳ app/controllers/artwork_shares_controller.rb:5
  [1m[36mArtworkShare Exists (0.7ms)[0m  [1m[34mSELECT  1 AS one FROM "artwork_shares" WHERE "artwork_shares"."artwork_id" = $1 AND "artwork_shares"."viewer_id" = $2 LIMIT $3[0m  [["artwork_id", 1], ["viewer_id", 1], ["LIMIT", 1]]
  ↳ app/controllers/artwork_shares_controller.rb:5
  [1m[36mUser Load (0.4ms)[0m  [1m[34mSELECT  "users".* FROM "users" WHERE "users"."id" = $1 LIMIT $2[0m  [["id", 1], ["LIMIT", 1]]
  ↳ app/controllers/artwork_shares_controller.rb:5
  [1m[36mArtwork Load (0.5ms)[0m  [1m[34mSELECT  "artworks".* FROM "artworks" WHERE "artworks"."id" = $1 LIMIT $2[0m  [["id", 1], ["LIMIT", 1]]
  ↳ app/controllers/artwork_shares_controller.rb:5
  [1m[35m (0.2ms)[0m  [1m[31mROLLBACK[0m
  ↳ app/controllers/artwork_shares_controller.rb:5
Completed 422 Unprocessable Entity in 42ms (Views: 0.1ms | ActiveRecord: 18.1ms)


Started POST "/artwork_shares/" for ::1 at 2020-10-28 16:35:50 -0700
Processing by ArtworkSharesController#create as */*
  Parameters: {"artworkshare"=>{"artwork_id"=>"1", "viewer_id"=>"1"}}
Completed 400 Bad Request in 2ms (ActiveRecord: 0.0ms)



ActionController::ParameterMissing - param is missing or the value is empty: artworkshares:
  app/controllers/artwork_shares_controller.rb:21:in `new_params'
  app/controllers/artwork_shares_controller.rb:4:in `create'

Started POST "/artwork_shares/" for ::1 at 2020-10-28 16:35:58 -0700
Processing by ArtworkSharesController#create as */*
  Parameters: {"artworkshare"=>{"artwork_id"=>"1", "viewer_id"=>"1"}}
  [1m[35m (0.1ms)[0m  [1m[35mBEGIN[0m
  ↳ app/controllers/artwork_shares_controller.rb:5
  [1m[36mArtworkShare Exists (0.3ms)[0m  [1m[34mSELECT  1 AS one FROM "artwork_shares" WHERE "artwork_shares"."artwork_id" = $1 AND "artwork_shares"."viewer_id" = $2 LIMIT $3[0m  [["artwork_id", 1], ["viewer_id", 1], ["LIMIT", 1]]
  ↳ app/controllers/artwork_shares_controller.rb:5
  [1m[36mUser Load (0.2ms)[0m  [1m[34mSELECT  "users".* FROM "users" WHERE "users"."id" = $1 LIMIT $2[0m  [["id", 1], ["LIMIT", 1]]
  ↳ app/controllers/artwork_shares_controller.rb:5
  [1m[36mArtwork Load (0.2ms)[0m  [1m[34mSELECT  "artworks".* FROM "artworks" WHERE "artworks"."id" = $1 LIMIT $2[0m  [["id", 1], ["LIMIT", 1]]
  ↳ app/controllers/artwork_shares_controller.rb:5
  [1m[35m (0.2ms)[0m  [1m[31mROLLBACK[0m
  ↳ app/controllers/artwork_shares_controller.rb:5
Completed 422 Unprocessable Entity in 39ms (Views: 0.1ms | ActiveRecord: 12.7ms)


Started POST "/artwork_shares/" for ::1 at 2020-10-28 16:36:09 -0700
Processing by ArtworkSharesController#create as */*
  Parameters: {"artworkshare"=>{"artwork_id"=>"1", "viewer_id"=>"2"}}
  [1m[35m (0.1ms)[0m  [1m[35mBEGIN[0m
  ↳ app/controllers/artwork_shares_controller.rb:5
  [1m[36mArtworkShare Exists (0.3ms)[0m  [1m[34mSELECT  1 AS one FROM "artwork_shares" WHERE "artwork_shares"."artwork_id" = $1 AND "artwork_shares"."viewer_id" = $2 LIMIT $3[0m  [["artwork_id", 1], ["viewer_id", 2], ["LIMIT", 1]]
  ↳ app/controllers/artwork_shares_controller.rb:5
  [1m[36mUser Load (0.1ms)[0m  [1m[34mSELECT  "users".* FROM "users" WHERE "users"."id" = $1 LIMIT $2[0m  [["id", 2], ["LIMIT", 1]]
  ↳ app/controllers/artwork_shares_controller.rb:5
  [1m[36mArtwork Load (0.2ms)[0m  [1m[34mSELECT  "artworks".* FROM "artworks" WHERE "artworks"."id" = $1 LIMIT $2[0m  [["id", 1], ["LIMIT", 1]]
  ↳ app/controllers/artwork_shares_controller.rb:5
  [1m[35m (0.1ms)[0m  [1m[31mROLLBACK[0m
  ↳ app/controllers/artwork_shares_controller.rb:5
Completed 422 Unprocessable Entity in 4ms (Views: 0.1ms | ActiveRecord: 0.8ms)


Started POST "/artwork_shares/" for ::1 at 2020-10-28 16:36:12 -0700
Processing by ArtworkSharesController#create as */*
  Parameters: {"artworkshare"=>{"artwork_id"=>"1", "viewer_id"=>"3"}}
  [1m[35m (0.1ms)[0m  [1m[35mBEGIN[0m
  ↳ app/controllers/artwork_shares_controller.rb:5
  [1m[36mArtworkShare Exists (0.3ms)[0m  [1m[34mSELECT  1 AS one FROM "artwork_shares" WHERE "artwork_shares"."artwork_id" = $1 AND "artwork_shares"."viewer_id" = $2 LIMIT $3[0m  [["artwork_id", 1], ["viewer_id", 3], ["LIMIT", 1]]
  ↳ app/controllers/artwork_shares_controller.rb:5
  [1m[36mUser Load (0.2ms)[0m  [1m[34mSELECT  "users".* FROM "users" WHERE "users"."id" = $1 LIMIT $2[0m  [["id", 3], ["LIMIT", 1]]
  ↳ app/controllers/artwork_shares_controller.rb:5
  [1m[36mArtwork Load (0.3ms)[0m  [1m[34mSELECT  "artworks".* FROM "artworks" WHERE "artworks"."id" = $1 LIMIT $2[0m  [["id", 1], ["LIMIT", 1]]
  ↳ app/controllers/artwork_shares_controller.rb:5
  [1m[36mArtworkShare Create (0.9ms)[0m  [1m[32mINSERT INTO "artwork_shares" ("artwork_id", "viewer_id", "created_at", "updated_at") VALUES ($1, $2, $3, $4) RETURNING "id"[0m  [["artwork_id", 1], ["viewer_id", 3], ["created_at", "2020-10-28 23:36:12.389188"], ["updated_at", "2020-10-28 23:36:12.389188"]]
  ↳ app/controllers/artwork_shares_controller.rb:5
  [1m[35m (0.3ms)[0m  [1m[35mCOMMIT[0m
  ↳ app/controllers/artwork_shares_controller.rb:5
Completed 200 OK in 8ms (Views: 0.2ms | ActiveRecord: 2.1ms)


Started POST "/artwork_shares/" for ::1 at 2020-10-28 16:36:24 -0700
Processing by ArtworkSharesController#create as */*
  Parameters: {"artworkshare"=>{"artwork_id"=>"1", "viewer_id"=>"3"}}
  [1m[35m (0.1ms)[0m  [1m[35mBEGIN[0m
  ↳ app/controllers/artwork_shares_controller.rb:5
  [1m[36mArtworkShare Exists (0.4ms)[0m  [1m[34mSELECT  1 AS one FROM "artwork_shares" WHERE "artwork_shares"."artwork_id" = $1 AND "artwork_shares"."viewer_id" = $2 LIMIT $3[0m  [["artwork_id", 1], ["viewer_id", 3], ["LIMIT", 1]]
  ↳ app/controllers/artwork_shares_controller.rb:5
  [1m[36mUser Load (0.2ms)[0m  [1m[34mSELECT  "users".* FROM "users" WHERE "users"."id" = $1 LIMIT $2[0m  [["id", 3], ["LIMIT", 1]]
  ↳ app/controllers/artwork_shares_controller.rb:5
  [1m[36mArtwork Load (0.2ms)[0m  [1m[34mSELECT  "artworks".* FROM "artworks" WHERE "artworks"."id" = $1 LIMIT $2[0m  [["id", 1], ["LIMIT", 1]]
  ↳ app/controllers/artwork_shares_controller.rb:5
  [1m[35m (0.2ms)[0m  [1m[31mROLLBACK[0m
  ↳ app/controllers/artwork_shares_controller.rb:5
Completed 422 Unprocessable Entity in 5ms (Views: 0.1ms | ActiveRecord: 1.1ms)


Started DELETE "/artwork_shares/1" for ::1 at 2020-10-28 16:36:49 -0700
Processing by ArtworkSharesController#destroy as */*
  Parameters: {"artworkshare"=>{"artwork_id"=>"1", "viewer_id"=>"3"}, "id"=>"1"}
  [1m[36mArtworkShare Load (0.2ms)[0m  [1m[34mSELECT  "artwork_shares".* FROM "artwork_shares" WHERE "artwork_shares"."id" = $1 LIMIT $2[0m  [["id", 1], ["LIMIT", 1]]
  ↳ app/controllers/artwork_shares_controller.rb:13
  [1m[35m (0.1ms)[0m  [1m[35mBEGIN[0m
  ↳ app/controllers/artwork_shares_controller.rb:14
  [1m[36mArtworkShare Destroy (0.2ms)[0m  [1m[31mDELETE FROM "artwork_shares" WHERE "artwork_shares"."id" = $1[0m  [["id", 1]]
  ↳ app/controllers/artwork_shares_controller.rb:14
  [1m[35m (0.6ms)[0m  [1m[35mCOMMIT[0m
  ↳ app/controllers/artwork_shares_controller.rb:14
Completed 200 OK in 4ms (Views: 0.9ms | ActiveRecord: 1.1ms)


  [1m[36mArtworkShare Load (0.7ms)[0m  [1m[34mSELECT "artwork_shares".* FROM "artwork_shares"[0m
Started GET "/users/4/artworks" for ::1 at 2020-10-28 16:46:30 -0700
  [1m[35m (0.7ms)[0m  [1m[34mSELECT "schema_migrations"."version" FROM "schema_migrations" ORDER BY "schema_migrations"."version" ASC[0m
  ↳ /Users/oriravid/.rbenv/versions/2.5.1/lib/ruby/gems/2.5.0/gems/activerecord-5.2.4.4/lib/active_record/log_subscriber.rb:98
Processing by ArtworksController#index as */*
  Parameters: {"user_id"=>"4"}
Completed 500 Internal Server Error in 25ms (ActiveRecord: 0.0ms)



NoMethodError - undefined method `artist_id' for #<Class:0x00007fb090ad19a0>:
  app/controllers/artworks_controller.rb:4:in `index'

Started GET "/users/4/artworks" for ::1 at 2020-10-28 16:47:20 -0700
Processing by ArtworksController#index as */*
  Parameters: {"user_id"=>"4"}
  [1m[36mArtwork Load (0.6ms)[0m  [1m[34mSELECT  "artworks".* FROM "artworks" WHERE "artworks"."artist_id" = $1 LIMIT $2[0m  [["artist_id", 4], ["LIMIT", 1]]
  ↳ app/controllers/artworks_controller.rb:4
Completed 200 OK in 21ms (Views: 0.4ms | ActiveRecord: 5.6ms)


Started GET "/users/4/artworks" for ::1 at 2020-10-28 16:48:19 -0700

SyntaxError - syntax error, unexpected '\n', expecting =>
...by(artist_id: params[:user_id])
...                               ^
/Users/oriravid/Desktop/first_routes_and_controllers/app/controllers/artworks_controller.rb:40: syntax error, unexpected end-of-input, expecting keyword_end:
  app/controllers/artworks_controller.rb:4:in `'

Started GET "/users/4/artworks" for ::1 at 2020-10-28 16:48:46 -0700

SyntaxError - syntax error, unexpected '\n', expecting =>
...by(viewer_id: params[:user_id])
...                               ^
/Users/oriravid/Desktop/first_routes_and_controllers/app/controllers/artworks_controller.rb:40: syntax error, unexpected end-of-input, expecting keyword_end:
  app/controllers/artworks_controller.rb:4:in `'

Started GET "/users/4/artworks" for ::1 at 2020-10-28 16:49:09 -0700
Processing by ArtworksController#index as */*
  Parameters: {"user_id"=>"4"}
  [1m[36mArtwork Load (0.2ms)[0m  [1m[34mSELECT  "artworks".* FROM "artworks" WHERE "artworks"."artist_id" = $1 LIMIT $2[0m  [["artist_id", 4], ["LIMIT", 1]]
  ↳ app/controllers/artworks_controller.rb:4
  [1m[36mArtworkShare Load (0.6ms)[0m  [1m[34mSELECT  "artwork_shares".* FROM "artwork_shares" WHERE "artwork_shares"."viewer_id" = $1 LIMIT $2[0m  [["viewer_id", 4], ["LIMIT", 1]]
  ↳ app/controllers/artworks_controller.rb:5
Completed 500 Internal Server Error in 19ms (Views: 0.4ms | ActiveRecord: 6.9ms)



AbstractController::DoubleRenderError - Render and/or redirect were called multiple times in this action. Please note that you may only call render OR redirect, and at most once per action. Also note that neither redirect nor render terminate execution of the action, so if you want to exit an action after redirecting, you need to do something like "redirect_to(...) and return".:
  app/controllers/artworks_controller.rb:5:in `index'

Started GET "/users/4/artworks" for ::1 at 2020-10-28 16:49:33 -0700

SyntaxError - syntax error, unexpected ',', expecting =>
...y(artist_id: params[:user_id]), ArtworkShare.find_by(viewer_...
...                              ^
/Users/oriravid/Desktop/first_routes_and_controllers/app/controllers/artworks_controller.rb:4: syntax error, unexpected '}', expecting keyword_end
...y(viewer_id: params[:user_id])}
...                              ^
/Users/oriravid/Desktop/first_routes_and_controllers/app/controllers/artworks_controller.rb:40: syntax error, unexpected end-of-input, expecting keyword_end:
  app/controllers/artworks_controller.rb:4:in `'

Started GET "/users/4/artworks" for ::1 at 2020-10-28 16:50:09 -0700

SyntaxError - syntax error, unexpected ',', expecting ')'
...y(artist_id: params[:user_id]), ArtworkShare.find_by(viewer_...
...                              ^:
  app/controllers/artworks_controller.rb:4:in `'

Started GET "/users/4/artworks" for ::1 at 2020-10-28 16:50:29 -0700

SyntaxError - syntax error, unexpected tCONSTANT, expecting ')'
    ArtworkShare.find_by(viewer_id: params[:u...
    ^~~~~~~~~~~~:
  app/controllers/artworks_controller.rb:5:in `'

Started GET "/users/4/artworks" for ::1 at 2020-10-28 16:51:58 -0700

SyntaxError - syntax error, unexpected tIDENTIFIER, expecting ')'
    artwork_share = ArtworkShare.find_by(viewe...
    ^~~~~~~~~~~~~
/Users/oriravid/Desktop/first_routes_and_controllers/app/controllers/artworks_controller.rb:6: syntax error, unexpected ',', expecting =>
    render json: {artwork, artwork_share}
                         ^
/Users/oriravid/Desktop/first_routes_and_controllers/app/controllers/artworks_controller.rb:42: syntax error, unexpected end-of-input, expecting keyword_end:
  app/controllers/artworks_controller.rb:5:in `'

Started GET "/users/4/artworks" for ::1 at 2020-10-28 16:52:32 -0700

SyntaxError - syntax error, unexpected ',', expecting =>
    render json: {artwork, artwork_share}
                         ^
/Users/oriravid/Desktop/first_routes_and_controllers/app/controllers/artworks_controller.rb:42: syntax error, unexpected end-of-input, expecting keyword_end:
  app/controllers/artworks_controller.rb:6:in `'

Started GET "/users/4/artworks" for ::1 at 2020-10-28 16:53:23 -0700
Processing by ArtworksController#index as */*
  Parameters: {"user_id"=>"4"}
  [1m[36mArtwork Load (0.2ms)[0m  [1m[34mSELECT  "artworks".* FROM "artworks" WHERE "artworks"."artist_id" = $1 LIMIT $2[0m  [["artist_id", 4], ["LIMIT", 1]]
  ↳ app/controllers/artworks_controller.rb:4
  [1m[36mArtworkShare Load (0.2ms)[0m  [1m[34mSELECT  "artwork_shares".* FROM "artwork_shares" WHERE "artwork_shares"."viewer_id" = $1 LIMIT $2[0m  [["viewer_id", 4], ["LIMIT", 1]]
  ↳ app/controllers/artworks_controller.rb:5
Completed 200 OK in 18ms (Views: 0.4ms | ActiveRecord: 6.0ms)


Started POST "/artworkshares/" for ::1 at 2020-10-28 16:54:39 -0700
  
ActionController::RoutingError (No route matches [POST] "/artworkshares"):
  
actionpack (5.2.4.4) lib/action_dispatch/middleware/debug_exceptions.rb:65:in `call'
web-console (3.7.0) lib/web_console/middleware.rb:135:in `call_app'
web-console (3.7.0) lib/web_console/middleware.rb:30:in `block in call'
web-console (3.7.0) lib/web_console/middleware.rb:20:in `catch'
web-console (3.7.0) lib/web_console/middleware.rb:20:in `call'
actionpack (5.2.4.4) lib/action_dispatch/middleware/show_exceptions.rb:33:in `call'
railties (5.2.4.4) lib/rails/rack/logger.rb:38:in `call_app'
railties (5.2.4.4) lib/rails/rack/logger.rb:26:in `block in call'
activesupport (5.2.4.4) lib/active_support/tagged_logging.rb:71:in `block in tagged'
activesupport (5.2.4.4) lib/active_support/tagged_logging.rb:28:in `tagged'
activesupport (5.2.4.4) lib/active_support/tagged_logging.rb:71:in `tagged'
railties (5.2.4.4) lib/rails/rack/logger.rb:26:in `call'
sprockets-rails (3.2.2) lib/sprockets/rails/quiet_assets.rb:13:in `call'
actionpack (5.2.4.4) lib/action_dispatch/middleware/remote_ip.rb:81:in `call'
actionpack (5.2.4.4) lib/action_dispatch/middleware/request_id.rb:27:in `call'
rack (2.2.3) lib/rack/method_override.rb:24:in `call'
rack (2.2.3) lib/rack/runtime.rb:22:in `call'
activesupport (5.2.4.4) lib/active_support/cache/strategy/local_cache_middleware.rb:29:in `call'
actionpack (5.2.4.4) lib/action_dispatch/middleware/executor.rb:14:in `call'
actionpack (5.2.4.4) lib/action_dispatch/middleware/static.rb:127:in `call'
rack (2.2.3) lib/rack/sendfile.rb:110:in `call'
railties (5.2.4.4) lib/rails/engine.rb:524:in `call'
puma (3.12.6) lib/puma/configuration.rb:227:in `call'
puma (3.12.6) lib/puma/server.rb:706:in `handle_request'
puma (3.12.6) lib/puma/server.rb:476:in `process_client'
puma (3.12.6) lib/puma/server.rb:334:in `block in run'
puma (3.12.6) lib/puma/thread_pool.rb:135:in `block in spawn_thread'
Started POST "/artwork_shares/" for ::1 at 2020-10-28 16:55:00 -0700
Processing by ArtworkSharesController#create as */*
  Parameters: {"artworkshare"=>{"viewer_id"=>"4", "artwork_id"=>"4"}}
  [1m[35m (0.1ms)[0m  [1m[35mBEGIN[0m
  ↳ app/controllers/artwork_shares_controller.rb:5
  [1m[36mArtworkShare Exists (0.3ms)[0m  [1m[34mSELECT  1 AS one FROM "artwork_shares" WHERE "artwork_shares"."artwork_id" = $1 AND "artwork_shares"."viewer_id" = $2 LIMIT $3[0m  [["artwork_id", 4], ["viewer_id", 4], ["LIMIT", 1]]
  ↳ app/controllers/artwork_shares_controller.rb:5
  [1m[36mUser Load (0.4ms)[0m  [1m[34mSELECT  "users".* FROM "users" WHERE "users"."id" = $1 LIMIT $2[0m  [["id", 4], ["LIMIT", 1]]
  ↳ app/controllers/artwork_shares_controller.rb:5
  [1m[36mArtwork Load (0.2ms)[0m  [1m[34mSELECT  "artworks".* FROM "artworks" WHERE "artworks"."id" = $1 LIMIT $2[0m  [["id", 4], ["LIMIT", 1]]
  ↳ app/controllers/artwork_shares_controller.rb:5
  [1m[35m (0.2ms)[0m  [1m[31mROLLBACK[0m
  ↳ app/controllers/artwork_shares_controller.rb:5
Completed 422 Unprocessable Entity in 28ms (Views: 0.1ms | ActiveRecord: 7.1ms)


Started POST "/artwork_shares/" for ::1 at 2020-10-28 16:55:05 -0700
Processing by ArtworkSharesController#create as */*
  Parameters: {"artworkshare"=>{"viewer_id"=>"4", "artwork_id"=>"3"}}
  [1m[35m (0.1ms)[0m  [1m[35mBEGIN[0m
  ↳ app/controllers/artwork_shares_controller.rb:5
  [1m[36mArtworkShare Exists (0.3ms)[0m  [1m[34mSELECT  1 AS one FROM "artwork_shares" WHERE "artwork_shares"."artwork_id" = $1 AND "artwork_shares"."viewer_id" = $2 LIMIT $3[0m  [["artwork_id", 3], ["viewer_id", 4], ["LIMIT", 1]]
  ↳ app/controllers/artwork_shares_controller.rb:5
  [1m[36mUser Load (0.2ms)[0m  [1m[34mSELECT  "users".* FROM "users" WHERE "users"."id" = $1 LIMIT $2[0m  [["id", 4], ["LIMIT", 1]]
  ↳ app/controllers/artwork_shares_controller.rb:5
  [1m[36mArtwork Load (0.2ms)[0m  [1m[34mSELECT  "artworks".* FROM "artworks" WHERE "artworks"."id" = $1 LIMIT $2[0m  [["id", 3], ["LIMIT", 1]]
  ↳ app/controllers/artwork_shares_controller.rb:5
  [1m[36mArtworkShare Create (0.5ms)[0m  [1m[32mINSERT INTO "artwork_shares" ("artwork_id", "viewer_id", "created_at", "updated_at") VALUES ($1, $2, $3, $4) RETURNING "id"[0m  [["artwork_id", 3], ["viewer_id", 4], ["created_at", "2020-10-28 23:55:05.525793"], ["updated_at", "2020-10-28 23:55:05.525793"]]
  ↳ app/controllers/artwork_shares_controller.rb:5
  [1m[35m (0.6ms)[0m  [1m[35mCOMMIT[0m
  ↳ app/controllers/artwork_shares_controller.rb:5
Completed 200 OK in 8ms (Views: 0.3ms | ActiveRecord: 1.9ms)


Started POST "/artwork_shares/" for ::1 at 2020-10-28 16:55:11 -0700
Processing by ArtworkSharesController#create as */*
  Parameters: {"artworkshare"=>{"viewer_id"=>"3", "artwork_id"=>"3"}}
  [1m[35m (0.1ms)[0m  [1m[35mBEGIN[0m
  ↳ app/controllers/artwork_shares_controller.rb:5
  [1m[36mArtworkShare Exists (0.3ms)[0m  [1m[34mSELECT  1 AS one FROM "artwork_shares" WHERE "artwork_shares"."artwork_id" = $1 AND "artwork_shares"."viewer_id" = $2 LIMIT $3[0m  [["artwork_id", 3], ["viewer_id", 3], ["LIMIT", 1]]
  ↳ app/controllers/artwork_shares_controller.rb:5
  [1m[36mUser Load (0.2ms)[0m  [1m[34mSELECT  "users".* FROM "users" WHERE "users"."id" = $1 LIMIT $2[0m  [["id", 3], ["LIMIT", 1]]
  ↳ app/controllers/artwork_shares_controller.rb:5
  [1m[36mArtwork Load (0.2ms)[0m  [1m[34mSELECT  "artworks".* FROM "artworks" WHERE "artworks"."id" = $1 LIMIT $2[0m  [["id", 3], ["LIMIT", 1]]
  ↳ app/controllers/artwork_shares_controller.rb:5
  [1m[36mArtworkShare Create (0.2ms)[0m  [1m[32mINSERT INTO "artwork_shares" ("artwork_id", "viewer_id", "created_at", "updated_at") VALUES ($1, $2, $3, $4) RETURNING "id"[0m  [["artwork_id", 3], ["viewer_id", 3], ["created_at", "2020-10-28 23:55:11.622448"], ["updated_at", "2020-10-28 23:55:11.622448"]]
  ↳ app/controllers/artwork_shares_controller.rb:5
  [1m[35m (0.5ms)[0m  [1m[35mCOMMIT[0m
  ↳ app/controllers/artwork_shares_controller.rb:5
Completed 200 OK in 7ms (Views: 0.5ms | ActiveRecord: 1.5ms)


Started POST "/artwork_shares/" for ::1 at 2020-10-28 16:55:14 -0700
Processing by ArtworkSharesController#create as */*
  Parameters: {"artworkshare"=>{"viewer_id"=>"5", "artwork_id"=>"3"}}
  [1m[35m (0.1ms)[0m  [1m[35mBEGIN[0m
  ↳ app/controllers/artwork_shares_controller.rb:5
  [1m[36mArtworkShare Exists (0.3ms)[0m  [1m[34mSELECT  1 AS one FROM "artwork_shares" WHERE "artwork_shares"."artwork_id" = $1 AND "artwork_shares"."viewer_id" = $2 LIMIT $3[0m  [["artwork_id", 3], ["viewer_id", 5], ["LIMIT", 1]]
  ↳ app/controllers/artwork_shares_controller.rb:5
  [1m[36mUser Load (0.1ms)[0m  [1m[34mSELECT  "users".* FROM "users" WHERE "users"."id" = $1 LIMIT $2[0m  [["id", 5], ["LIMIT", 1]]
  ↳ app/controllers/artwork_shares_controller.rb:5
  [1m[36mArtwork Load (0.1ms)[0m  [1m[34mSELECT  "artworks".* FROM "artworks" WHERE "artworks"."id" = $1 LIMIT $2[0m  [["id", 3], ["LIMIT", 1]]
  ↳ app/controllers/artwork_shares_controller.rb:5
  [1m[36mArtworkShare Create (0.2ms)[0m  [1m[32mINSERT INTO "artwork_shares" ("artwork_id", "viewer_id", "created_at", "updated_at") VALUES ($1, $2, $3, $4) RETURNING "id"[0m  [["artwork_id", 3], ["viewer_id", 5], ["created_at", "2020-10-28 23:55:14.640407"], ["updated_at", "2020-10-28 23:55:14.640407"]]
  ↳ app/controllers/artwork_shares_controller.rb:5
  [1m[35m (0.5ms)[0m  [1m[35mCOMMIT[0m
  ↳ app/controllers/artwork_shares_controller.rb:5
Completed 200 OK in 6ms (Views: 0.3ms | ActiveRecord: 1.4ms)


Started POST "/artwork_shares/" for ::1 at 2020-10-28 16:55:17 -0700
Processing by ArtworkSharesController#create as */*
  Parameters: {"artworkshare"=>{"viewer_id"=>"6", "artwork_id"=>"3"}}
  [1m[35m (0.1ms)[0m  [1m[35mBEGIN[0m
  ↳ app/controllers/artwork_shares_controller.rb:5
  [1m[36mArtworkShare Exists (0.3ms)[0m  [1m[34mSELECT  1 AS one FROM "artwork_shares" WHERE "artwork_shares"."artwork_id" = $1 AND "artwork_shares"."viewer_id" = $2 LIMIT $3[0m  [["artwork_id", 3], ["viewer_id", 6], ["LIMIT", 1]]
  ↳ app/controllers/artwork_shares_controller.rb:5
  [1m[36mUser Load (0.2ms)[0m  [1m[34mSELECT  "users".* FROM "users" WHERE "users"."id" = $1 LIMIT $2[0m  [["id", 6], ["LIMIT", 1]]
  ↳ app/controllers/artwork_shares_controller.rb:5
  [1m[36mArtwork Load (0.2ms)[0m  [1m[34mSELECT  "artworks".* FROM "artworks" WHERE "artworks"."id" = $1 LIMIT $2[0m  [["id", 3], ["LIMIT", 1]]
  ↳ app/controllers/artwork_shares_controller.rb:5
  [1m[36mArtworkShare Create (0.2ms)[0m  [1m[32mINSERT INTO "artwork_shares" ("artwork_id", "viewer_id", "created_at", "updated_at") VALUES ($1, $2, $3, $4) RETURNING "id"[0m  [["artwork_id", 3], ["viewer_id", 6], ["created_at", "2020-10-28 23:55:17.422789"], ["updated_at", "2020-10-28 23:55:17.422789"]]
  ↳ app/controllers/artwork_shares_controller.rb:5
  [1m[35m (0.5ms)[0m  [1m[35mCOMMIT[0m
  ↳ app/controllers/artwork_shares_controller.rb:5
Completed 200 OK in 7ms (Views: 0.5ms | ActiveRecord: 1.5ms)


Started POST "/artwork_shares/" for ::1 at 2020-10-28 16:55:20 -0700
Processing by ArtworkSharesController#create as */*
  Parameters: {"artworkshare"=>{"viewer_id"=>"7", "artwork_id"=>"3"}}
  [1m[35m (0.1ms)[0m  [1m[35mBEGIN[0m
  ↳ app/controllers/artwork_shares_controller.rb:5
  [1m[36mArtworkShare Exists (0.3ms)[0m  [1m[34mSELECT  1 AS one FROM "artwork_shares" WHERE "artwork_shares"."artwork_id" = $1 AND "artwork_shares"."viewer_id" = $2 LIMIT $3[0m  [["artwork_id", 3], ["viewer_id", 7], ["LIMIT", 1]]
  ↳ app/controllers/artwork_shares_controller.rb:5
  [1m[36mUser Load (0.3ms)[0m  [1m[34mSELECT  "users".* FROM "users" WHERE "users"."id" = $1 LIMIT $2[0m  [["id", 7], ["LIMIT", 1]]
  ↳ app/controllers/artwork_shares_controller.rb:5
  [1m[36mArtwork Load (0.2ms)[0m  [1m[34mSELECT  "artworks".* FROM "artworks" WHERE "artworks"."id" = $1 LIMIT $2[0m  [["id", 3], ["LIMIT", 1]]
  ↳ app/controllers/artwork_shares_controller.rb:5
  [1m[36mArtworkShare Create (0.3ms)[0m  [1m[32mINSERT INTO "artwork_shares" ("artwork_id", "viewer_id", "created_at", "updated_at") VALUES ($1, $2, $3, $4) RETURNING "id"[0m  [["artwork_id", 3], ["viewer_id", 7], ["created_at", "2020-10-28 23:55:20.126531"], ["updated_at", "2020-10-28 23:55:20.126531"]]
  ↳ app/controllers/artwork_shares_controller.rb:5
  [1m[35m (0.6ms)[0m  [1m[35mCOMMIT[0m
  ↳ app/controllers/artwork_shares_controller.rb:5
Completed 200 OK in 8ms (Views: 0.3ms | ActiveRecord: 1.8ms)


Started POST "/artwork_shares/" for ::1 at 2020-10-28 16:55:23 -0700
Processing by ArtworkSharesController#create as */*
  Parameters: {"artworkshare"=>{"viewer_id"=>"8", "artwork_id"=>"3"}}
  [1m[35m (0.1ms)[0m  [1m[35mBEGIN[0m
  ↳ app/controllers/artwork_shares_controller.rb:5
  [1m[36mArtworkShare Exists (0.3ms)[0m  [1m[34mSELECT  1 AS one FROM "artwork_shares" WHERE "artwork_shares"."artwork_id" = $1 AND "artwork_shares"."viewer_id" = $2 LIMIT $3[0m  [["artwork_id", 3], ["viewer_id", 8], ["LIMIT", 1]]
  ↳ app/controllers/artwork_shares_controller.rb:5
  [1m[36mUser Load (0.1ms)[0m  [1m[34mSELECT  "users".* FROM "users" WHERE "users"."id" = $1 LIMIT $2[0m  [["id", 8], ["LIMIT", 1]]
  ↳ app/controllers/artwork_shares_controller.rb:5
  [1m[36mArtwork Load (0.1ms)[0m  [1m[34mSELECT  "artworks".* FROM "artworks" WHERE "artworks"."id" = $1 LIMIT $2[0m  [["id", 3], ["LIMIT", 1]]
  ↳ app/controllers/artwork_shares_controller.rb:5
  [1m[35m (0.1ms)[0m  [1m[31mROLLBACK[0m
  ↳ app/controllers/artwork_shares_controller.rb:5
Completed 422 Unprocessable Entity in 4ms (Views: 0.2ms | ActiveRecord: 0.7ms)


Started GET "/users/4/artworks" for ::1 at 2020-10-28 16:55:34 -0700
Processing by ArtworksController#index as */*
  Parameters: {"artworkshare"=>{"artwork_id"=>"1", "viewer_id"=>"3"}, "artwork"=>{"artist_id"=>"4"}, "user_id"=>"4"}
  [1m[36mArtwork Load (0.3ms)[0m  [1m[34mSELECT  "artworks".* FROM "artworks" WHERE "artworks"."artist_id" = $1 LIMIT $2[0m  [["artist_id", 4], ["LIMIT", 1]]
  ↳ app/controllers/artworks_controller.rb:4
  [1m[36mArtworkShare Load (0.2ms)[0m  [1m[34mSELECT  "artwork_shares".* FROM "artwork_shares" WHERE "artwork_shares"."viewer_id" = $1 LIMIT $2[0m  [["viewer_id", 4], ["LIMIT", 1]]
  ↳ app/controllers/artworks_controller.rb:5
Completed 200 OK in 2ms (Views: 0.4ms | ActiveRecord: 0.5ms)


