  [1m[35m (292.7ms)[0m  [1m[35mCREATE DATABASE "cats99_development" ENCODING = 'unicode'[0m
  ↳ bin/rails:9
  [1m[35m (137.3ms)[0m  [1m[35mCREATE DATABASE "cats99_test" ENCODING = 'unicode'[0m
  ↳ bin/rails:9
  [1m[35m (17.4ms)[0m  [1m[35mCREATE TABLE "schema_migrations" ("version" character varying NOT NULL PRIMARY KEY)[0m
  ↳ bin/rails:9
  [1m[35m (44.5ms)[0m  [1m[35mCREATE TABLE "ar_internal_metadata" ("key" character varying NOT NULL PRIMARY KEY, "value" character varying, "created_at" timestamp NOT NULL, "updated_at" timestamp NOT NULL)[0m
  ↳ bin/rails:9
  [1m[35m (0.8ms)[0m  [1m[34mSELECT pg_try_advisory_lock(7809834472913233005)[0m
  ↳ bin/rails:9
  [1m[35m (1.7ms)[0m  [1m[34mSELECT "schema_migrations"."version" FROM "schema_migrations" ORDER BY "schema_migrations"."version" ASC[0m
  ↳ bin/rails:9
Migrating to CreateCats (20201030204007)
  [1m[35m (0.2ms)[0m  [1m[35mBEGIN[0m
  ↳ bin/rails:9
  [1m[35m (56.4ms)[0m  [1m[35mCREATE TABLE "cats" ("id" bigserial primary key, "color" character varying NOT NULL, "name" character varying NOT NULL, "sex" character varying NOT NULL, "birth_date" date NOT NULL, "description" text, "created_at" timestamp NOT NULL, "updated_at" timestamp NOT NULL)[0m
  ↳ db/migrate/20201030204007_create_cats.rb:3
  [1m[36mActiveRecord::SchemaMigration Create (42.0ms)[0m  [1m[32mINSERT INTO "schema_migrations" ("version") VALUES ($1) RETURNING "version"[0m  [["version", "20201030204007"]]
  ↳ bin/rails:9
  [1m[35m (0.5ms)[0m  [1m[35mCOMMIT[0m
  ↳ bin/rails:9
Migrating to CreateCatRentalRequests (20201030221837)
  [1m[35m (0.2ms)[0m  [1m[35mBEGIN[0m
  ↳ bin/rails:9
  [1m[35m (49.1ms)[0m  [1m[35mCREATE TABLE "cat_rental_requests" ("id" bigserial primary key, "cat_id" integer NOT NULL, "start_date" date NOT NULL, "end_date" date NOT NULL, "status" character varying NOT NULL, "created_at" timestamp NOT NULL, "updated_at" timestamp NOT NULL)[0m
  ↳ db/migrate/20201030221837_create_cat_rental_requests.rb:3
  [1m[35m (2.8ms)[0m  [1m[35mCREATE  INDEX  "index_cat_rental_requests_on_cat_id" ON "cat_rental_requests"  ("cat_id")[0m
  ↳ db/migrate/20201030221837_create_cat_rental_requests.rb:11
  [1m[35m (3.0ms)[0m  [1m[35mALTER TABLE "cat_rental_requests" ALTER COLUMN "status" TYPE character varying, ALTER COLUMN "status" SET DEFAULT 'PENDING'[0m
  ↳ db/migrate/20201030221837_create_cat_rental_requests.rb:12
  [1m[36mActiveRecord::SchemaMigration Create (4.0ms)[0m  [1m[32mINSERT INTO "schema_migrations" ("version") VALUES ($1) RETURNING "version"[0m  [["version", "20201030221837"]]
  ↳ bin/rails:9
  [1m[35m (41.3ms)[0m  [1m[35mCOMMIT[0m
  ↳ bin/rails:9
  [1m[36mActiveRecord::InternalMetadata Load (0.5ms)[0m  [1m[34mSELECT  "ar_internal_metadata".* FROM "ar_internal_metadata" WHERE "ar_internal_metadata"."key" = $1 LIMIT $2[0m  [["key", "environment"], ["LIMIT", 1]]
  ↳ bin/rails:9
  [1m[35m (0.2ms)[0m  [1m[35mBEGIN[0m
  ↳ bin/rails:9
  [1m[36mActiveRecord::InternalMetadata Create (42.2ms)[0m  [1m[32mINSERT INTO "ar_internal_metadata" ("key", "value", "created_at", "updated_at") VALUES ($1, $2, $3, $4) RETURNING "key"[0m  [["key", "environment"], ["value", "development"], ["created_at", "2020-10-30 22:30:24.983309"], ["updated_at", "2020-10-30 22:30:24.983309"]]
  ↳ bin/rails:9
  [1m[35m (1.1ms)[0m  [1m[35mCOMMIT[0m
  ↳ bin/rails:9
  [1m[35m (0.3ms)[0m  [1m[34mSELECT pg_advisory_unlock(7809834472913233005)[0m
  ↳ bin/rails:9
  [1m[35m (0.3ms)[0m  [1m[34mSELECT "schema_migrations"."version" FROM "schema_migrations" ORDER BY "schema_migrations"."version" ASC[0m
  ↳ bin/rails:9
Started GET "/" for ::1 at 2020-10-30 16:31:33 -0700
  [1m[35m (2.9ms)[0m  [1m[34mSELECT "schema_migrations"."version" FROM "schema_migrations" ORDER BY "schema_migrations"."version" ASC[0m
  ↳ /Users/dean/.rbenv/versions/2.5.1/lib/ruby/gems/2.5.0/gems/activerecord-5.2.4.4/lib/active_record/log_subscriber.rb:98
Processing by Rails::WelcomeController#index as HTML
  Rendering /Users/dean/.rbenv/versions/2.5.1/lib/ruby/gems/2.5.0/gems/railties-5.2.4.4/lib/rails/templates/rails/welcome/index.html.erb
  Rendered /Users/dean/.rbenv/versions/2.5.1/lib/ruby/gems/2.5.0/gems/railties-5.2.4.4/lib/rails/templates/rails/welcome/index.html.erb (11.2ms)
Completed 200 OK in 67ms (Views: 28.6ms | ActiveRecord: 0.0ms)


Started GET "/cats" for ::1 at 2020-10-30 16:31:36 -0700
Processing by CatsController#show as HTML
Completed 500 Internal Server Error in 10ms (ActiveRecord: 0.0ms)



NameError - uninitialized constant Cat::CONSTANT:
  app/models/cat.rb:2:in `<class:Cat>'
  app/models/cat.rb:1:in `<top (required)>'
  app/controllers/cats_controller.rb:9:in `show'

Started POST "/__better_errors/acdf0d12d3cfc5ca/variables" for ::1 at 2020-10-30 16:31:36 -0700
Started GET "/cats" for ::1 at 2020-10-30 16:32:05 -0700
Processing by CatsController#show as HTML
Completed 500 Internal Server Error in 6ms (ActiveRecord: 0.0ms)



ArgumentError - Unknown validator: 'LimitValidator':
  app/models/cat.rb:4:in `<class:Cat>'
  app/models/cat.rb:1:in `<top (required)>'
  app/controllers/cats_controller.rb:9:in `show'

Started POST "/__better_errors/45c6ace9f2ad4771/variables" for ::1 at 2020-10-30 16:32:05 -0700
Started GET "/cats" for ::1 at 2020-10-30 16:32:16 -0700
  [1m[35m (1.0ms)[0m  [1m[34mSELECT "schema_migrations"."version" FROM "schema_migrations" ORDER BY "schema_migrations"."version" ASC[0m
  ↳ /Users/dean/.rbenv/versions/2.5.1/lib/ruby/gems/2.5.0/gems/activerecord-5.2.4.4/lib/active_record/log_subscriber.rb:98
Processing by CatsController#show as HTML
Completed 500 Internal Server Error in 24ms (ActiveRecord: 0.0ms)



ArgumentError - Unknown validator: 'LimitValidator':
  app/models/cat.rb:4:in `<class:Cat>'
  app/models/cat.rb:1:in `<top (required)>'
  app/controllers/cats_controller.rb:9:in `show'

Started POST "/__better_errors/6b42dfd030560326/variables" for ::1 at 2020-10-30 16:32:16 -0700
Started GET "/cats" for ::1 at 2020-10-30 16:32:46 -0700
Processing by CatsController#show as HTML
Completed 500 Internal Server Error in 8ms (ActiveRecord: 0.0ms)



ArgumentError - Unknown validator: 'LimitValidator':
  app/models/cat.rb:4:in `<class:Cat>'
  app/models/cat.rb:1:in `<top (required)>'
  app/controllers/cats_controller.rb:9:in `show'

Started POST "/__better_errors/e32383fd27272b64/variables" for ::1 at 2020-10-30 16:32:47 -0700
Started GET "/cats" for ::1 at 2020-10-30 16:33:03 -0700
  [1m[35m (1.7ms)[0m  [1m[34mSELECT "schema_migrations"."version" FROM "schema_migrations" ORDER BY "schema_migrations"."version" ASC[0m
  ↳ /Users/dean/.rbenv/versions/2.5.1/lib/ruby/gems/2.5.0/gems/activerecord-5.2.4.4/lib/active_record/log_subscriber.rb:98
Processing by CatsController#show as HTML
Completed 500 Internal Server Error in 27ms (ActiveRecord: 0.0ms)



ArgumentError - Unknown validator: 'LimitValidator':
  app/models/cat.rb:4:in `<class:Cat>'
  app/models/cat.rb:1:in `<top (required)>'
  app/controllers/cats_controller.rb:9:in `show'

Started POST "/__better_errors/22abf0ce2548a666/variables" for ::1 at 2020-10-30 16:33:04 -0700
Started POST "/__better_errors/22abf0ce2548a666/variables" for ::1 at 2020-10-30 16:33:11 -0700
Started POST "/__better_errors/22abf0ce2548a666/variables" for ::1 at 2020-10-30 16:33:12 -0700
Started GET "/cats" for ::1 at 2020-10-30 16:34:28 -0700

SyntaxError - syntax error, unexpected [, expecting keyword_do or '{' or '('
...ce :cat_rental_requests, only [:create, :destroy]
...                              ^:
  config/routes.rb:4:in `'

Started POST "/__better_errors/045415f6a2be86e3/variables" for ::1 at 2020-10-30 16:34:28 -0700
Started GET "/cats" for ::1 at 2020-10-30 16:35:02 -0700

SyntaxError - syntax error, unexpected [, expecting keyword_do or '{' or '('
...es :cat_rental_requests, only [:create, :destroy]
...                              ^:
  config/routes.rb:4:in `'

Started POST "/__better_errors/e9f4bd5a138cccad/variables" for ::1 at 2020-10-30 16:35:02 -0700
Started GET "/cats" for ::1 at 2020-10-30 16:35:03 -0700
  
ActionController::RoutingError (No route matches [GET] "/cats"):
  
actionpack (5.2.4.4) lib/action_dispatch/middleware/debug_exceptions.rb:65:in `call'
web-console (3.7.0) lib/web_console/middleware.rb:135:in `call_app'
web-console (3.7.0) lib/web_console/middleware.rb:30:in `block in call'
web-console (3.7.0) lib/web_console/middleware.rb:20:in `catch'
web-console (3.7.0) lib/web_console/middleware.rb:20:in `call'
actionpack (5.2.4.4) lib/action_dispatch/middleware/show_exceptions.rb:33:in `call'
railties (5.2.4.4) lib/rails/rack/logger.rb:38:in `call_app'
railties (5.2.4.4) lib/rails/rack/logger.rb:26:in `block in call'
activesupport (5.2.4.4) lib/active_support/tagged_logging.rb:71:in `block in tagged'
activesupport (5.2.4.4) lib/active_support/tagged_logging.rb:28:in `tagged'
activesupport (5.2.4.4) lib/active_support/tagged_logging.rb:71:in `tagged'
railties (5.2.4.4) lib/rails/rack/logger.rb:26:in `call'
sprockets-rails (3.2.2) lib/sprockets/rails/quiet_assets.rb:13:in `call'
actionpack (5.2.4.4) lib/action_dispatch/middleware/remote_ip.rb:81:in `call'
actionpack (5.2.4.4) lib/action_dispatch/middleware/request_id.rb:27:in `call'
rack (2.2.3) lib/rack/method_override.rb:24:in `call'
rack (2.2.3) lib/rack/runtime.rb:22:in `call'
activesupport (5.2.4.4) lib/active_support/cache/strategy/local_cache_middleware.rb:29:in `call'
actionpack (5.2.4.4) lib/action_dispatch/middleware/executor.rb:14:in `call'
actionpack (5.2.4.4) lib/action_dispatch/middleware/static.rb:127:in `call'
rack (2.2.3) lib/rack/sendfile.rb:110:in `call'
railties (5.2.4.4) lib/rails/engine.rb:524:in `call'
puma (3.12.6) lib/puma/configuration.rb:227:in `call'
puma (3.12.6) lib/puma/server.rb:706:in `handle_request'
puma (3.12.6) lib/puma/server.rb:476:in `process_client'
puma (3.12.6) lib/puma/server.rb:334:in `block in run'
puma (3.12.6) lib/puma/thread_pool.rb:135:in `block in spawn_thread'
Started GET "/cats" for ::1 at 2020-10-30 16:35:06 -0700
  
ActionController::RoutingError (No route matches [GET] "/cats"):
  
actionpack (5.2.4.4) lib/action_dispatch/middleware/debug_exceptions.rb:65:in `call'
web-console (3.7.0) lib/web_console/middleware.rb:135:in `call_app'
web-console (3.7.0) lib/web_console/middleware.rb:30:in `block in call'
web-console (3.7.0) lib/web_console/middleware.rb:20:in `catch'
web-console (3.7.0) lib/web_console/middleware.rb:20:in `call'
actionpack (5.2.4.4) lib/action_dispatch/middleware/show_exceptions.rb:33:in `call'
railties (5.2.4.4) lib/rails/rack/logger.rb:38:in `call_app'
railties (5.2.4.4) lib/rails/rack/logger.rb:26:in `block in call'
activesupport (5.2.4.4) lib/active_support/tagged_logging.rb:71:in `block in tagged'
activesupport (5.2.4.4) lib/active_support/tagged_logging.rb:28:in `tagged'
activesupport (5.2.4.4) lib/active_support/tagged_logging.rb:71:in `tagged'
railties (5.2.4.4) lib/rails/rack/logger.rb:26:in `call'
sprockets-rails (3.2.2) lib/sprockets/rails/quiet_assets.rb:13:in `call'
actionpack (5.2.4.4) lib/action_dispatch/middleware/remote_ip.rb:81:in `call'
actionpack (5.2.4.4) lib/action_dispatch/middleware/request_id.rb:27:in `call'
rack (2.2.3) lib/rack/method_override.rb:24:in `call'
rack (2.2.3) lib/rack/runtime.rb:22:in `call'
activesupport (5.2.4.4) lib/active_support/cache/strategy/local_cache_middleware.rb:29:in `call'
actionpack (5.2.4.4) lib/action_dispatch/middleware/executor.rb:14:in `call'
actionpack (5.2.4.4) lib/action_dispatch/middleware/static.rb:127:in `call'
rack (2.2.3) lib/rack/sendfile.rb:110:in `call'
railties (5.2.4.4) lib/rails/engine.rb:524:in `call'
puma (3.12.6) lib/puma/configuration.rb:227:in `call'
puma (3.12.6) lib/puma/server.rb:706:in `handle_request'
puma (3.12.6) lib/puma/server.rb:476:in `process_client'
puma (3.12.6) lib/puma/server.rb:334:in `block in run'
puma (3.12.6) lib/puma/thread_pool.rb:135:in `block in spawn_thread'
Started GET "/cats" for ::1 at 2020-10-30 16:35:19 -0700
Processing by CatsController#index as HTML
Completed 500 Internal Server Error in 16ms (ActiveRecord: 0.0ms)



ArgumentError - Unknown validator: 'LimitValidator':
  app/models/cat.rb:4:in `<class:Cat>'
  app/models/cat.rb:1:in `<top (required)>'
  app/controllers/cats_controller.rb:4:in `index'

Started POST "/__better_errors/dc80bbe9aa22f6b8/variables" for ::1 at 2020-10-30 16:35:19 -0700
Started POST "/__better_errors/dc80bbe9aa22f6b8/variables" for ::1 at 2020-10-30 16:35:21 -0700
Started POST "/__better_errors/dc80bbe9aa22f6b8/variables" for ::1 at 2020-10-30 16:35:22 -0700
Started GET "/cats" for ::1 at 2020-10-30 16:36:22 -0700
Processing by CatsController#index as HTML
Completed 500 Internal Server Error in 10ms (ActiveRecord: 0.0ms)



ArgumentError - Unknown validator: 'LimitValidator':
  app/models/cat.rb:4:in `<class:Cat>'
  app/models/cat.rb:1:in `<top (required)>'
  app/controllers/cats_controller.rb:4:in `index'

Started POST "/__better_errors/a6f76a6f495bb89c/variables" for ::1 at 2020-10-30 16:36:22 -0700
Started GET "/cats" for ::1 at 2020-10-30 16:37:40 -0700
Processing by CatsController#index as HTML
Completed 500 Internal Server Error in 3ms (ActiveRecord: 0.0ms)



ArgumentError - Range unspecified. Specify the :in, :within, :maximum, :minimum, or :is option.:
  app/models/cat.rb:4:in `<class:Cat>'
  app/models/cat.rb:1:in `<top (required)>'
  app/controllers/cats_controller.rb:4:in `index'

Started POST "/__better_errors/bae7cd0048839b8a/variables" for ::1 at 2020-10-30 16:37:40 -0700
Started GET "/cats" for ::1 at 2020-10-30 16:37:42 -0700
Processing by CatsController#index as HTML
Completed 500 Internal Server Error in 4ms (ActiveRecord: 0.0ms)



ArgumentError - Range unspecified. Specify the :in, :within, :maximum, :minimum, or :is option.:
  app/models/cat.rb:4:in `<class:Cat>'
  app/models/cat.rb:1:in `<top (required)>'
  app/controllers/cats_controller.rb:4:in `index'

Started POST "/__better_errors/1cc2a26f61fce604/variables" for ::1 at 2020-10-30 16:37:42 -0700
Started GET "/cats" for ::1 at 2020-10-30 16:37:57 -0700
Processing by CatsController#index as HTML
Completed 500 Internal Server Error in 9ms (ActiveRecord: 0.0ms)



ActionView::MissingTemplate - Missing template cats/index, application/index with {:locale=>[:en], :formats=>[:html], :variants=>[], :handlers=>[:raw, :erb, :html, :builder, :ruby, :coffee, :jbuilder]}. Searched in:
  * "/Users/dean/AppAcademy/AAclasswork/W6D5/cats99/app/views":
  app/controllers/cats_controller.rb:5:in `index'

Started POST "/__better_errors/6db1b5f3b35c7986/variables" for ::1 at 2020-10-30 16:37:57 -0700
  [1m[36mCat Load (2.4ms)[0m  [1m[34mSELECT  "cats".* FROM "cats" LIMIT $1[0m  [["LIMIT", 11]]
  ↳ /Users/dean/.rbenv/versions/2.5.1/lib/ruby/gems/2.5.0/gems/activerecord-5.2.4.4/lib/active_record/log_subscriber.rb:98
Started GET "/cats" for ::1 at 2020-10-30 16:38:31 -0700
Processing by CatsController#index as HTML
Completed 500 Internal Server Error in 9ms (ActiveRecord: 0.0ms)



ActionView::MissingTemplate - Missing template cats/index, application/index with {:locale=>[:en], :formats=>[:html], :variants=>[], :handlers=>[:raw, :erb, :html, :builder, :ruby, :coffee, :jbuilder]}. Searched in:
  * "/Users/dean/AppAcademy/AAclasswork/W6D5/cats99/app/views":
  app/controllers/cats_controller.rb:5:in `index'

Started POST "/__better_errors/cc6bb3dbbfb6cc84/variables" for ::1 at 2020-10-30 16:38:31 -0700
  [1m[36mCat Load (0.4ms)[0m  [1m[34mSELECT  "cats".* FROM "cats" LIMIT $1[0m  [["LIMIT", 11]]
  ↳ /Users/dean/.rbenv/versions/2.5.1/lib/ruby/gems/2.5.0/gems/activerecord-5.2.4.4/lib/active_record/log_subscriber.rb:98
Started GET "/cats" for ::1 at 2020-10-30 16:39:34 -0700
Processing by CatsController#index as HTML
Completed 500 Internal Server Error in 10ms (ActiveRecord: 0.0ms)



ActionView::MissingTemplate - Missing template cats/index, application/index with {:locale=>[:en], :formats=>[:html], :variants=>[], :handlers=>[:raw, :erb, :html, :builder, :ruby, :coffee, :jbuilder]}. Searched in:
  * "/Users/dean/AppAcademy/AAclasswork/W6D5/cats99/app/views":
  app/controllers/cats_controller.rb:5:in `index'

Started POST "/__better_errors/f26ff78a07fea0d2/variables" for ::1 at 2020-10-30 16:39:34 -0700
  [1m[36mCat Load (1.3ms)[0m  [1m[34mSELECT  "cats".* FROM "cats" LIMIT $1[0m  [["LIMIT", 11]]
  ↳ /Users/dean/.rbenv/versions/2.5.1/lib/ruby/gems/2.5.0/gems/activerecord-5.2.4.4/lib/active_record/log_subscriber.rb:98
Started GET "/cats" for ::1 at 2020-10-30 16:39:35 -0700
Processing by CatsController#index as HTML
Completed 500 Internal Server Error in 7ms (ActiveRecord: 0.0ms)



ActionView::MissingTemplate - Missing template cats/index, application/index with {:locale=>[:en], :formats=>[:html], :variants=>[], :handlers=>[:raw, :erb, :html, :builder, :ruby, :coffee, :jbuilder]}. Searched in:
  * "/Users/dean/AppAcademy/AAclasswork/W6D5/cats99/app/views":
  app/controllers/cats_controller.rb:5:in `index'

Started POST "/__better_errors/786e60d7ea907841/variables" for ::1 at 2020-10-30 16:39:35 -0700
  [1m[36mCat Load (0.2ms)[0m  [1m[34mSELECT  "cats".* FROM "cats" LIMIT $1[0m  [["LIMIT", 11]]
  ↳ /Users/dean/.rbenv/versions/2.5.1/lib/ruby/gems/2.5.0/gems/activerecord-5.2.4.4/lib/active_record/log_subscriber.rb:98
Started GET "/cats" for ::1 at 2020-10-30 16:39:50 -0700
Processing by CatsController#index as HTML
Completed 500 Internal Server Error in 5ms (ActiveRecord: 0.0ms)



ActionView::MissingTemplate - Missing template cats/index, application/index with {:locale=>[:en], :formats=>[:html], :variants=>[], :handlers=>[:raw, :erb, :html, :builder, :ruby, :coffee, :jbuilder]}. Searched in:
  * "/Users/dean/AppAcademy/AAclasswork/W6D5/cats99/app/views":
  app/controllers/cats_controller.rb:5:in `index'

Started POST "/__better_errors/700bd603e6b58eda/variables" for ::1 at 2020-10-30 16:39:50 -0700
  [1m[36mCat Load (0.2ms)[0m  [1m[34mSELECT  "cats".* FROM "cats" LIMIT $1[0m  [["LIMIT", 11]]
  ↳ /Users/dean/.rbenv/versions/2.5.1/lib/ruby/gems/2.5.0/gems/activerecord-5.2.4.4/lib/active_record/log_subscriber.rb:98
Started GET "/cats" for ::1 at 2020-10-30 16:45:35 -0700
  [1m[35m (1.3ms)[0m  [1m[34mSELECT "schema_migrations"."version" FROM "schema_migrations" ORDER BY "schema_migrations"."version" ASC[0m
  ↳ /Users/dean/.rbenv/versions/2.5.1/lib/ruby/gems/2.5.0/gems/activerecord-5.2.4.4/lib/active_record/log_subscriber.rb:98
Processing by CatsController#index as HTML
Completed 500 Internal Server Error in 32ms (ActiveRecord: 0.0ms)



ActionView::MissingTemplate - Missing template cats/index, application/index with {:locale=>[:en], :formats=>[:html], :variants=>[], :handlers=>[:raw, :erb, :html, :builder, :ruby, :coffee, :jbuilder]}. Searched in:
  * "/Users/dean/AppAcademy/AAclasswork/W6D5/cats99/app/views":
  app/controllers/cats_controller.rb:5:in `index'

Started POST "/__better_errors/bec570dfde0c5dc0/variables" for ::1 at 2020-10-30 16:45:35 -0700
  [1m[36mCat Load (1.1ms)[0m  [1m[34mSELECT  "cats".* FROM "cats" LIMIT $1[0m  [["LIMIT", 11]]
  ↳ /Users/dean/.rbenv/versions/2.5.1/lib/ruby/gems/2.5.0/gems/activerecord-5.2.4.4/lib/active_record/log_subscriber.rb:98
